/.html                (Status: 403) [Size: 277]
/images               (Status: 301) [Size: 313] [--> http://10.10.11.135/images/]
/.php                 (Status: 403) [Size: 277]
/.html.php            (Status: 403) [Size: 277]
/login.php            (Status: 200) [Size: 5609]
/.html.txt            (Status: 403) [Size: 277]
/.html.pdf            (Status: 403) [Size: 277]
/index.php            (Status: 302) [Size: 0] [--> ./login.php]
/js                   (Status: 301) [Size: 309] [--> http://10.10.11.135/js/]
/css                  (Status: 301) [Size: 310] [--> http://10.10.11.135/css/]
/.htm                 (Status: 403) [Size: 277]
/.htm.php             (Status: 403) [Size: 277]
/.htm.txt             (Status: 403) [Size: 277]
/.htm.pdf             (Status: 403) [Size: 277]
/logout.php           (Status: 302) [Size: 0] [--> ./login.php]
/profile.php          (Status: 302) [Size: 0] [--> ./login.php]
/image.php            (Status: 200) [Size: 0]
/upload.php           (Status: 302) [Size: 0] [--> ./login.php]
/header.php           (Status: 302) [Size: 0] [--> ./login.php]
/footer.php           (Status: 200) [Size: 3937]
/.                    (Status: 302) [Size: 0] [--> ./login.php]
/.htaccess.pdf        (Status: 403) [Size: 277]
/.htaccess            (Status: 403) [Size: 277]
/.htaccess.php        (Status: 403) [Size: 277]
/.htaccess.txt        (Status: 403) [Size: 277]
/.phtml               (Status: 403) [Size: 277]
/.htc                 (Status: 403) [Size: 277]
/.htc.pdf             (Status: 403) [Size: 277]
/.htc.php             (Status: 403) [Size: 277]
/.htc.txt             (Status: 403) [Size: 277]
/.html_var_DE         (Status: 403) [Size: 277]
/.html_var_DE.php     (Status: 403) [Size: 277]
/.html_var_DE.txt     (Status: 403) [Size: 277]
/.html_var_DE.pdf     (Status: 403) [Size: 277]
/server-status        (Status: 403) [Size: 277]
/.htpasswd.pdf        (Status: 403) [Size: 277]
/.htpasswd            (Status: 403) [Size: 277]
/.htpasswd.php        (Status: 403) [Size: 277]
/.htpasswd.txt        (Status: 403) [Size: 277]
/.html.               (Status: 403) [Size: 277]
/.html..txt           (Status: 403) [Size: 277]
/.html..pdf           (Status: 403) [Size: 277]
/.html..php           (Status: 403) [Size: 277]
/.html.html.txt       (Status: 403) [Size: 277]
/.html.html.pdf       (Status: 403) [Size: 277]
/.html.html.php       (Status: 403) [Size: 277]
/.html.html           (Status: 403) [Size: 277]
/.htpasswds           (Status: 403) [Size: 277]
/.htpasswds.php       (Status: 403) [Size: 277]
/.htpasswds.txt       (Status: 403) [Size: 277]
/.htpasswds.pdf       (Status: 403) [Size: 277]
/.htm.                (Status: 403) [Size: 277]
/.htm..php            (Status: 403) [Size: 277]
/.htm..txt            (Status: 403) [Size: 277]
/.htm..pdf            (Status: 403) [Size: 277]
/.htmll               (Status: 403) [Size: 277]
/.htmll.php           (Status: 403) [Size: 277]
/.htmll.txt           (Status: 403) [Size: 277]
/.phps                (Status: 403) [Size: 277]
/.htmll.pdf           (Status: 403) [Size: 277]
/.html.old.txt        (Status: 403) [Size: 277]
/.html.old.pdf        (Status: 403) [Size: 277]
/.html.old            (Status: 403) [Size: 277]
/.html.old.php        (Status: 403) [Size: 277]
/.ht.txt              (Status: 403) [Size: 277]
/.html.bak            (Status: 403) [Size: 277]
/.ht.pdf              (Status: 403) [Size: 277]
/.html.bak.php        (Status: 403) [Size: 277]
/.ht                  (Status: 403) [Size: 277]
/.html.bak.txt        (Status: 403) [Size: 277]
/.ht.php              (Status: 403) [Size: 277]
/.html.bak.pdf        (Status: 403) [Size: 277]
/.htm.htm.pdf         (Status: 403) [Size: 277]
/.htm.htm.php         (Status: 403) [Size: 277]
/.htm.htm             (Status: 403) [Size: 277]
/.htm.htm.txt         (Status: 403) [Size: 277]
/.hta                 (Status: 403) [Size: 277]
/.htgroup             (Status: 403) [Size: 277]
/.hta.pdf             (Status: 403) [Size: 277]
/.html1.php           (Status: 403) [Size: 277]
/.htgroup.pdf         (Status: 403) [Size: 277]
/.hta.php             (Status: 403) [Size: 277]
/.html1.txt           (Status: 403) [Size: 277]
/.htgroup.php         (Status: 403) [Size: 277]
/.hta.txt             (Status: 403) [Size: 277]
/.html1.pdf           (Status: 403) [Size: 277]
/.htgroup.txt         (Status: 403) [Size: 277]
/.html1               (Status: 403) [Size: 277]
/.html.printable      (Status: 403) [Size: 277]
/.html.LCK            (Status: 403) [Size: 277]
/.html.printable.php  (Status: 403) [Size: 277]
/.html.LCK.txt        (Status: 403) [Size: 277]
/.html.printable.txt  (Status: 403) [Size: 277]
/.html.LCK.pdf        (Status: 403) [Size: 277]
/.html.printable.pdf  (Status: 403) [Size: 277]
/.html.LCK.php        (Status: 403) [Size: 277]
/.htm.LCK.php         (Status: 403) [Size: 277]
/.htm.LCK.txt         (Status: 403) [Size: 277]
/.htm.LCK.pdf         (Status: 403) [Size: 277]
/.htm.LCK             (Status: 403) [Size: 277]
/db_conn.php          (Status: 200) [Size: 0]
/.htaccess.bak        (Status: 403) [Size: 277]
/.html.php            (Status: 403) [Size: 277]
/.htmls.txt           (Status: 403) [Size: 277]
/.htaccess.bak.txt    (Status: 403) [Size: 277]
/.htx                 (Status: 403) [Size: 277]
/.html.php.php        (Status: 403) [Size: 277]
/.htmls.pdf           (Status: 403) [Size: 277]
/.htaccess.bak.pdf    (Status: 403) [Size: 277]
/.htx.php             (Status: 403) [Size: 277]
/.htmls               (Status: 403) [Size: 277]
/.html.php.txt        (Status: 403) [Size: 277]
/.htaccess.bak.php    (Status: 403) [Size: 277]
/.htx.txt             (Status: 403) [Size: 277]
/.htmls.php           (Status: 403) [Size: 277]
/.html.php.pdf        (Status: 403) [Size: 277]
/.htx.pdf             (Status: 403) [Size: 277]
/.htlm                (Status: 403) [Size: 277]
/.html-.php           (Status: 403) [Size: 277]
/.htm2                (Status: 403) [Size: 277]
/.htlm.php            (Status: 403) [Size: 277]
/.htuser.txt          (Status: 403) [Size: 277]
/.html-.txt           (Status: 403) [Size: 277]
/.htm2.php            (Status: 403) [Size: 277]
/.htlm.txt            (Status: 403) [Size: 277]
/.htuser.pdf          (Status: 403) [Size: 277]
/.html-               (Status: 403) [Size: 277]
/.htm2.txt            (Status: 403) [Size: 277]
/.htlm.pdf            (Status: 403) [Size: 277]
/.htuser              (Status: 403) [Size: 277]
/.html-.pdf           (Status: 403) [Size: 277]
/.htm2.pdf            (Status: 403) [Size: 277]
/.htuser.php          (Status: 403) [Size: 277]
/.htacess             (Status: 403) [Size: 277]
/.htm.d               (Status: 403) [Size: 277]
/.htacess.pdf         (Status: 403) [Size: 277]
/.htm.html            (Status: 403) [Size: 277]
/.html-1              (Status: 403) [Size: 277]
/.htm.old.pdf         (Status: 403) [Size: 277]
/.htm.d.php           (Status: 403) [Size: 277]
/.html.orig           (Status: 403) [Size: 277]
/.htacess.php         (Status: 403) [Size: 277]
/.html.sav.txt        (Status: 403) [Size: 277]
/.htm.html.php        (Status: 403) [Size: 277]
/.html-1.php          (Status: 403) [Size: 277]
/.htm.old             (Status: 403) [Size: 277]
/.htm.d.txt           (Status: 403) [Size: 277]
/.html.orig.pdf       (Status: 403) [Size: 277]
/.html.sav.pdf        (Status: 403) [Size: 277]
/.html_               (Status: 403) [Size: 277]
/.htacess.txt         (Status: 403) [Size: 277]
/.htm.html.txt        (Status: 403) [Size: 277]
/.html-1.txt          (Status: 403) [Size: 277]
/.htm.old.php         (Status: 403) [Size: 277]
/.html_files.txt      (Status: 403) [Size: 277]
/.html_.php           (Status: 403) [Size: 277]
/.htmlpar             (Status: 403) [Size: 277]
/.html.sav            (Status: 403) [Size: 277]
/.htm.d.pdf           (Status: 403) [Size: 277]
/.html.orig.php       (Status: 403) [Size: 277]
/.htmlprint           (Status: 403) [Size: 277]
/.htm.html.pdf        (Status: 403) [Size: 277]
/.html-1.pdf          (Status: 403) [Size: 277]
/.htm.old.txt         (Status: 403) [Size: 277]
/.html_files.pdf      (Status: 403) [Size: 277]
/.html_.txt           (Status: 403) [Size: 277]
/.htmlprint.php       (Status: 403) [Size: 277]
/.hts                 (Status: 403) [Size: 277]
/.htmlpar.pdf         (Status: 403) [Size: 277]
/.html.orig.txt       (Status: 403) [Size: 277]
/.html.sav.php        (Status: 403) [Size: 277]
/.html_files          (Status: 403) [Size: 277]
/.html_.pdf           (Status: 403) [Size: 277]
/.htmlprint.txt       (Status: 403) [Size: 277]
/.htmlpar.php         (Status: 403) [Size: 277]
/.hts.php             (Status: 403) [Size: 277]
/.html_files.php      (Status: 403) [Size: 277]
/.htmlpar.txt         (Status: 403) [Size: 277]
/.htmlprint.pdf       (Status: 403) [Size: 277]
/.hts.txt             (Status: 403) [Size: 277]
/.hts.pdf             (Status: 403) [Size: 277]
/profile_update.php   (Status: 302) [Size: 0] [--> ./login.php]
