# Nmap 7.92 scan initiated Fri Nov  4 11:31:20 2022 as: nmap -sV -sC -p- -o nmap.out 10.10.11.180
Nmap scan report for shoppy.htb (10.10.11.180)
Host is up (0.13s latency).
Not shown: 65517 closed tcp ports (conn-refused)
PORT      STATE    SERVICE  VERSION
22/tcp    open     ssh      OpenSSH 8.4p1 Debian 5+deb11u1 (protocol 2.0)
| ssh-hostkey: 
|   3072 9e:5e:83:51:d9:9f:89:ea:47:1a:12:eb:81:f9:22:c0 (RSA)
|   256 58:57:ee:eb:06:50:03:7c:84:63:d7:a3:41:5b:1a:d5 (ECDSA)
|_  256 3e:9d:0a:42:90:44:38:60:b3:b6:2c:e9:bd:9a:67:54 (ED25519)
80/tcp    open     http     nginx 1.23.1
|_http-title:             Shoppy Wait Page        
|_http-server-header: nginx/1.23.1
2567/tcp  filtered clp
2842/tcp  filtered l3-hawk
9093/tcp  open     copycat?
| fingerprint-strings: 
|   GenericLines: 
|     HTTP/1.1 400 Bad Request
|     Content-Type: text/plain; charset=utf-8
|     Connection: close
|     Request
|   GetRequest, HTTPOptions: 
|     HTTP/1.0 200 OK
|     Content-Type: text/plain; version=0.0.4; charset=utf-8
|     Date: Fri, 04 Nov 2022 16:43:39 GMT
|     HELP go_gc_cycles_automatic_gc_cycles_total Count of completed GC cycles generated by the Go runtime.
|     TYPE go_gc_cycles_automatic_gc_cycles_total counter
|     go_gc_cycles_automatic_gc_cycles_total 226
|     HELP go_gc_cycles_forced_gc_cycles_total Count of completed GC cycles forced by the application.
|     TYPE go_gc_cycles_forced_gc_cycles_total counter
|     go_gc_cycles_forced_gc_cycles_total 0
|     HELP go_gc_cycles_total_gc_cycles_total Count of all completed GC cycles.
|     TYPE go_gc_cycles_total_gc_cycles_total counter
|     go_gc_cycles_total_gc_cycles_total 226
|     HELP go_gc_duration_seconds A summary of the pause duration of garbage collection cycles.
|     TYPE go_gc_duration_seconds summary
|     go_gc_duration_seconds{quantile="0"} 1.9077e-05
|     go_gc_duration_seconds{quantile="0.25"} 8.0262e-05
|_    go_gc
18507/tcp filtered unknown
20126/tcp filtered unknown
30279/tcp filtered unknown
33991/tcp filtered unknown
33995/tcp filtered unknown
36890/tcp filtered unknown
39596/tcp filtered unknown
51205/tcp filtered unknown
51779/tcp filtered unknown
52495/tcp filtered unknown
53653/tcp filtered unknown
54997/tcp filtered unknown
57131/tcp filtered unknown
1 service unrecognized despite returning data. If you know the service/version, please submit the following fingerprint at https://nmap.org/cgi-bin/submit.cgi?new-service :
SF-Port9093-TCP:V=7.92%I=7%D=11/4%Time=6365413C%P=x86_64-pc-linux-gnu%r(Ge
SF:nericLines,67,"HTTP/1\.1\x20400\x20Bad\x20Request\r\nContent-Type:\x20t
SF:ext/plain;\x20charset=utf-8\r\nConnection:\x20close\r\n\r\n400\x20Bad\x
SF:20Request")%r(GetRequest,2A5A,"HTTP/1\.0\x20200\x20OK\r\nContent-Type:\
SF:x20text/plain;\x20version=0\.0\.4;\x20charset=utf-8\r\nDate:\x20Fri,\x2
SF:004\x20Nov\x202022\x2016:43:39\x20GMT\r\n\r\n#\x20HELP\x20go_gc_cycles_
SF:automatic_gc_cycles_total\x20Count\x20of\x20completed\x20GC\x20cycles\x
SF:20generated\x20by\x20the\x20Go\x20runtime\.\n#\x20TYPE\x20go_gc_cycles_
SF:automatic_gc_cycles_total\x20counter\ngo_gc_cycles_automatic_gc_cycles_
SF:total\x20226\n#\x20HELP\x20go_gc_cycles_forced_gc_cycles_total\x20Count
SF:\x20of\x20completed\x20GC\x20cycles\x20forced\x20by\x20the\x20applicati
SF:on\.\n#\x20TYPE\x20go_gc_cycles_forced_gc_cycles_total\x20counter\ngo_g
SF:c_cycles_forced_gc_cycles_total\x200\n#\x20HELP\x20go_gc_cycles_total_g
SF:c_cycles_total\x20Count\x20of\x20all\x20completed\x20GC\x20cycles\.\n#\
SF:x20TYPE\x20go_gc_cycles_total_gc_cycles_total\x20counter\ngo_gc_cycles_
SF:total_gc_cycles_total\x20226\n#\x20HELP\x20go_gc_duration_seconds\x20A\
SF:x20summary\x20of\x20the\x20pause\x20duration\x20of\x20garbage\x20collec
SF:tion\x20cycles\.\n#\x20TYPE\x20go_gc_duration_seconds\x20summary\ngo_gc
SF:_duration_seconds{quantile=\"0\"}\x201\.9077e-05\ngo_gc_duration_second
SF:s{quantile=\"0\.25\"}\x208\.0262e-05\ngo_gc")%r(HTTPOptions,2A5A,"HTTP/
SF:1\.0\x20200\x20OK\r\nContent-Type:\x20text/plain;\x20version=0\.0\.4;\x
SF:20charset=utf-8\r\nDate:\x20Fri,\x2004\x20Nov\x202022\x2016:43:39\x20GM
SF:T\r\n\r\n#\x20HELP\x20go_gc_cycles_automatic_gc_cycles_total\x20Count\x
SF:20of\x20completed\x20GC\x20cycles\x20generated\x20by\x20the\x20Go\x20ru
SF:ntime\.\n#\x20TYPE\x20go_gc_cycles_automatic_gc_cycles_total\x20counter
SF:\ngo_gc_cycles_automatic_gc_cycles_total\x20226\n#\x20HELP\x20go_gc_cyc
SF:les_forced_gc_cycles_total\x20Count\x20of\x20completed\x20GC\x20cycles\
SF:x20forced\x20by\x20the\x20application\.\n#\x20TYPE\x20go_gc_cycles_forc
SF:ed_gc_cycles_total\x20counter\ngo_gc_cycles_forced_gc_cycles_total\x200
SF:\n#\x20HELP\x20go_gc_cycles_total_gc_cycles_total\x20Count\x20of\x20all
SF:\x20completed\x20GC\x20cycles\.\n#\x20TYPE\x20go_gc_cycles_total_gc_cyc
SF:les_total\x20counter\ngo_gc_cycles_total_gc_cycles_total\x20226\n#\x20H
SF:ELP\x20go_gc_duration_seconds\x20A\x20summary\x20of\x20the\x20pause\x20
SF:duration\x20of\x20garbage\x20collection\x20cycles\.\n#\x20TYPE\x20go_gc
SF:_duration_seconds\x20summary\ngo_gc_duration_seconds{quantile=\"0\"}\x2
SF:01\.9077e-05\ngo_gc_duration_seconds{quantile=\"0\.25\"}\x208\.0262e-05
SF:\ngo_gc");
Service Info: OS: Linux; CPE: cpe:/o:linux:linux_kernel

Service detection performed. Please report any incorrect results at https://nmap.org/submit/ .
# Nmap done at Fri Nov  4 12:45:11 2022 -- 1 IP address (1 host up) scanned in 4430.56 seconds
