/.html.swp            (Status: 403) [Size: 293]
/uploads              (Status: 301) [Size: 308] [--> http://10.0.2.12/uploads/]
/javascript           (Status: 301) [Size: 311] [--> http://10.0.2.12/javascript/]
/.http.swp            (Status: 403) [Size: 293]
/.htdocs.swp          (Status: 403) [Size: 295]
/.htm.swp             (Status: 403) [Size: 292]
/.ht.swp              (Status: 403) [Size: 291]
/.httpd.swp           (Status: 403) [Size: 294]
/.httptype.swp        (Status: 403) [Size: 297]
/.htmlcrypto.swp      (Status: 403) [Size: 299]
/phpmyadmin           (Status: 301) [Size: 311] [--> http://10.0.2.12/phpmyadmin/]
/.htmls.swp           (Status: 403) [Size: 294]
/.htbin.swp           (Status: 403) [Size: 294]
/.htaccess.swp        (Status: 403) [Size: 297]
/.htc.swp             (Status: 403) [Size: 292]
/.ht_flag.swp         (Status: 403) [Size: 296]
/.html401.swp         (Status: 403) [Size: 296]
/.htdig.swp           (Status: 403) [Size: 294]
/.https.swp           (Status: 403) [Size: 294]
/.htmlhelp.swp        (Status: 403) [Size: 297]
/.httpd-2.swp         (Status: 403) [Size: 296]
/.httptunnel.swp      (Status: 403) [Size: 299]
/.html_wrap.swp       (Status: 403) [Size: 298]
/.htww.swp            (Status: 403) [Size: 293]
/.http_request.swp    (Status: 403) [Size: 301]
/.html_files.swp      (Status: 403) [Size: 299]
/.http%3A.swp         (Status: 403) [Size: 294]
/.html4.swp           (Status: 403) [Size: 294]
/.htsrv.swp           (Status: 403) [Size: 294]
/.html2.swp           (Status: 403) [Size: 294]
/.htforum.swp         (Status: 403) [Size: 296]
/.httpes.swp          (Status: 403) [Size: 295]
/.html-editors.swp    (Status: 403) [Size: 301]
/.htmledit.swp        (Status: 403) [Size: 297]
/.htmlarea.swp        (Status: 403) [Size: 297]
/.htsearch.swp        (Status: 403) [Size: 297]
/.html_single.swp     (Status: 403) [Size: 300]
/.htmldocs.swp        (Status: 403) [Size: 297]
/.htmlstory.swp       (Status: 403) [Size: 298]
/.htb.swp             (Status: 403) [Size: 292]
/.html_cheatsheet.swp (Status: 403) [Size: 304]
/.htmap.swp           (Status: 403) [Size: 294]
/.htp.swp             (Status: 403) [Size: 292]
/.htm_hl.swp          (Status: 403) [Size: 295]
/.http_cycle.swp      (Status: 403) [Size: 299]
/.http_response.swp   (Status: 403) [Size: 302]
/.htpc.swp            (Status: 403) [Size: 293]
/.httport.swp         (Status: 403) [Size: 296]
/.httpdocs.swp        (Status: 403) [Size: 297]
/.httptunnel-3.swp    (Status: 403) [Size: 301]
/.html_parser.swp     (Status: 403) [Size: 300]
/.html-calendar.swp   (Status: 403) [Size: 302]
/.htmlpages.swp       (Status: 403) [Size: 298]
/.httpads.swp         (Status: 403) [Size: 296]
/.htf1.swp            (Status: 403) [Size: 293]
/.html98.swp          (Status: 403) [Size: 295]
/.html40.swp          (Status: 403) [Size: 295]
/.html-companyprofile.swp (Status: 403) [Size: 308]
/.htmldoc.swp         (Status: 403) [Size: 296]
/.ht02.swp            (Status: 403) [Size: 293]
/.htab.swp            (Status: 403) [Size: 293]
/.ht_s.swp            (Status: 403) [Size: 293]
/.html_node.swp       (Status: 403) [Size: 298]
/.ht-20050116.swp     (Status: 403) [Size: 300]
/.html-spec.swp       (Status: 403) [Size: 298]
/.htd.swp             (Status: 403) [Size: 292]
/.http-60.swp         (Status: 403) [Size: 296]
/.html_gear.swp       (Status: 403) [Size: 298]
/.htc_560x161.swp     (Status: 403) [Size: 300]
/.ht2.swp             (Status: 403) [Size: 292]
/.htc-herald.swp      (Status: 403) [Size: 299]
/.httpd-users.swp     (Status: 403) [Size: 300]
/.httpauth.swp        (Status: 403) [Size: 297]
/.htmlmail.swp        (Status: 403) [Size: 297]
/server-status        (Status: 403) [Size: 297]
/.htt.swp             (Status: 403) [Size: 292]
/.htgrep.swp          (Status: 403) [Size: 295]
/.htfsm-readme.swp    (Status: 403) [Size: 301]
/.ht01.swp            (Status: 403) [Size: 293]
/.http_get.swp        (Status: 403) [Size: 297]
/.htitle.swp          (Status: 403) [Size: 295]
/.htsi.swp            (Status: 403) [Size: 293]
/.htmlcode.swp        (Status: 403) [Size: 297]
/.html-story.swp      (Status: 403) [Size: 299]
/.html-currencies.swp (Status: 403) [Size: 304]
/.html1.swp           (Status: 403) [Size: 294]
/.html_opened.swp     (Status: 403) [Size: 300]
/.http2.swp           (Status: 403) [Size: 294]
/.html-preview.swp    (Status: 403) [Size: 301]
/.hts.swp             (Status: 403) [Size: 292]
/.html-tools.swp      (Status: 403) [Size: 299]
/.htscanner.swp       (Status: 403) [Size: 298]
/.html_editors.swp    (Status: 403) [Size: 301]
/.httpd1.swp          (Status: 403) [Size: 295]
/.htimage.swp         (Status: 403) [Size: 296]
/.htmlguide.swp       (Status: 403) [Size: 298]
/.html_dir.swp        (Status: 403) [Size: 297]
/.httptech.swp        (Status: 403) [Size: 297]
/.htfixez.swp         (Status: 403) [Size: 296]
/.html6.swp           (Status: 403) [Size: 294]
/.httpsplitting.swp   (Status: 403) [Size: 302]
/.httprox.swp         (Status: 403) [Size: 296]
/.html-usmarkets.swp  (Status: 403) [Size: 303]
/.html-marketsDataTools.swp (Status: 403) [Size: 310]
/.html-formfiller.swp (Status: 403) [Size: 304]
/.http-sniffer.swp    (Status: 403) [Size: 301]
/.htwebcam.swp        (Status: 403) [Size: 297]
/.html5.swp           (Status: 403) [Size: 294]
/.html_papers.swp     (Status: 403) [Size: 300]
/.htrd.swp            (Status: 403) [Size: 293]
/.htbc.swp            (Status: 403) [Size: 293]
/.html-kit.swp        (Status: 403) [Size: 297]
/.html02.swp          (Status: 403) [Size: 295]
/.html_page.swp       (Status: 403) [Size: 298]
/.htm_files.swp       (Status: 403) [Size: 298]
/.htmlemails.swp      (Status: 403) [Size: 299]
/.htmm.swp            (Status: 403) [Size: 293]
/.html_pages.swp      (Status: 403) [Size: 299]
/.htmlbit.swp         (Status: 403) [Size: 296]
/.htmlbasics.swp      (Status: 403) [Size: 299]
/.httptrace.swp       (Status: 403) [Size: 298]
/.http-ftp.swp        (Status: 403) [Size: 297]
/.httpd-dev.swp       (Status: 403) [Size: 298]
/.htmlscript.swp      (Status: 403) [Size: 299]
/.html2text.swp       (Status: 403) [Size: 298]
/.httprequest.swp     (Status: 403) [Size: 300]
/.htmlconv.swp        (Status: 403) [Size: 297]
/.httptun.swp         (Status: 403) [Size: 296]
/.hts8100_3new.swp    (Status: 403) [Size: 301]
/.http-mirrors.swp    (Status: 403) [Size: 301]
/.htmldoc-1.swp       (Status: 403) [Size: 298]
/.htmlphoto_mmdata.swp (Status: 403) [Size: 305]
/.html2pdf.swp        (Status: 403) [Size: 297]
/.http_monitor.swp    (Status: 403) [Size: 301]
/.html2wml.swp        (Status: 403) [Size: 297]
/.htmlc2c.swp         (Status: 403) [Size: 296]
/.http-kit.swp        (Status: 403) [Size: 297]
/.http-emacs.swp      (Status: 403) [Size: 299]
/.html2wiki.swp       (Status: 403) [Size: 298]
/.htmlcss.swp         (Status: 403) [Size: 296]
/.html2fo.swp         (Status: 403) [Size: 296]
/.htmlpages2.swp      (Status: 403) [Size: 299]
/.html2ps_php.swp     (Status: 403) [Size: 300]
/.http_debugger.swp   (Status: 403) [Size: 302]
/.httpd_scaling.swp   (Status: 403) [Size: 302]
/.htmlparser.swp      (Status: 403) [Size: 299]
/.htf.swp             (Status: 403) [Size: 292]
/.htmw.swp            (Status: 403) [Size: 293]
/.htairw.swp          (Status: 403) [Size: 295]
/.html4ever.swp       (Status: 403) [Size: 298]
/.htony.swp           (Status: 403) [Size: 294]
/.html_img.swp        (Status: 403) [Size: 297]
/.html_info.swp       (Status: 403) [Size: 298]
/.http_load.swp       (Status: 403) [Size: 298]
/.html_en.swp         (Status: 403) [Size: 296]
/.html-widget.swp     (Status: 403) [Size: 300]
/.html-jsp.swp        (Status: 403) [Size: 297]
/.html-php.swp        (Status: 403) [Size: 297]
/.html-perl.swp       (Status: 403) [Size: 298]
/.html-asp.swp        (Status: 403) [Size: 297]
/.html-java.swp       (Status: 403) [Size: 298]
/.html-sws.swp        (Status: 403) [Size: 297]
/.html-form.swp       (Status: 403) [Size: 298]
/.httpy.swp           (Status: 403) [Size: 294]
/.htmltemplate.swp    (Status: 403) [Size: 301]
/.html_prop.swp       (Status: 403) [Size: 298]
/.htmlentitiesex.swp  (Status: 403) [Size: 303]
/.html-editor.swp     (Status: 403) [Size: 300]
/.httpresponse-objects.swp (Status: 403) [Size: 309]
/.httpconnection-objects.swp (Status: 403) [Size: 311]
/.httplib-examples.swp (Status: 403) [Size: 305]
/.httpscan-v200.swp   (Status: 403) [Size: 302]
/.httpscan.swp        (Status: 403) [Size: 297]
/.httpservertype-0.swp (Status: 403) [Size: 305]
/.httpdtype-0.swp     (Status: 403) [Size: 300]
/.httpver.swp         (Status: 403) [Size: 296]
/.httpd_conf.swp      (Status: 403) [Size: 299]
/.htmlcodes.swp       (Status: 403) [Size: 298]
/.htmlout.swp         (Status: 403) [Size: 296]
/.htel.swp            (Status: 403) [Size: 293]
/.httplib2.swp        (Status: 403) [Size: 297]
/.htmldata.swp        (Status: 403) [Size: 297]
/.htmltransform.swp   (Status: 403) [Size: 302]
/.httpdrun.swp        (Status: 403) [Size: 297]
/.htmlparser-example.swp (Status: 403) [Size: 307]
/.html-2.swp          (Status: 403) [Size: 295]
/.htmlame.swp         (Status: 403) [Size: 296]
/.htkyj.swp           (Status: 403) [Size: 294]
/.html_readers.swp    (Status: 403) [Size: 301]
/.httpcomponents.swp  (Status: 403) [Size: 303]
/.htmlunit.swp        (Status: 403) [Size: 297]
/.httpunit.swp        (Status: 403) [Size: 297]
/.httpdist.swp        (Status: 403) [Size: 297]
/.htopdas.swp         (Status: 403) [Size: 296]
/.html-spec_toc.swp   (Status: 403) [Size: 302]
/.htc-mteor.swp       (Status: 403) [Size: 298]
/.http_katalog.swp    (Status: 403) [Size: 301]
/.http_www.swp        (Status: 403) [Size: 297]
/.http_pclab.swp      (Status: 403) [Size: 299]
/.http_twojepc.swp    (Status: 403) [Size: 301]
/.htc_athena.swp      (Status: 403) [Size: 299]
/.htmlcoder.swp       (Status: 403) [Size: 298]
/.htbin-post.swp      (Status: 403) [Size: 299]
/.httpwwwindusbookcomhandlamphtml.swp (Status: 403) [Size: 320]
/.ht1250speakermic.swp (Status: 403) [Size: 305]
/.httpwwwbbltamexcom175cmhtml.swp (Status: 403) [Size: 316]
/.httpgrimsatcom.swp  (Status: 403) [Size: 303]
/.httpwwwchasefarmcomselmahtml.swp (Status: 403) [Size: 317]
/.ht603r.swp          (Status: 403) [Size: 295]
/.htcu.swp            (Status: 403) [Size: 293]
/.htmlcolorpickerx.swp (Status: 403) [Size: 305]
/.htmlcolorpicker.swp (Status: 403) [Size: 304]
/.htmlColorNames.swp  (Status: 403) [Size: 303]
/.htcia050928.swp     (Status: 403) [Size: 300]
/.html_version.swp    (Status: 403) [Size: 301]
/.htmdoc.swp          (Status: 403) [Size: 295]
/.httpcopy.swp        (Status: 403) [Size: 297]
/.http_refer.swp      (Status: 403) [Size: 299]
/.html_menu.swp       (Status: 403) [Size: 298]
/.html_tags.swp       (Status: 403) [Size: 298]
/.html_chapter.swp    (Status: 403) [Size: 301]
/.htmlfram.swp        (Status: 403) [Size: 297]
/.html_maya.swp       (Status: 403) [Size: 298]
/.httpd-p.swp         (Status: 403) [Size: 296]
/.html-paper.swp      (Status: 403) [Size: 299]
/.htek.swp            (Status: 403) [Size: 293]
/.htoolbox.swp        (Status: 403) [Size: 297]
/.htz1.swp            (Status: 403) [Size: 293]
/.htmlV.swp           (Status: 403) [Size: 294]
/.htmlindex.swp       (Status: 403) [Size: 298]
/.htcia.swp           (Status: 403) [Size: 294]
/.htmlplus_1.swp      (Status: 403) [Size: 299]
/.htmltables.swp      (Status: 403) [Size: 299]
/.htohs.swp           (Status: 403) [Size: 294]
/.ht-fyi93.swp        (Status: 403) [Size: 297]
/.htcccyp.swp         (Status: 403) [Size: 296]
/.htaquitd.swp        (Status: 403) [Size: 297]
/.htswfren.swp        (Status: 403) [Size: 297]
/.htc-s620.swp        (Status: 403) [Size: 297]
/.html-archive.swp    (Status: 403) [Size: 301]
/.htm_2007011515113580008150-001.swp (Status: 403) [Size: 319]
/.htm_2007011514435680008110-002.swp (Status: 403) [Size: 319]
/.htm_2007011714541580008110-001.swp (Status: 403) [Size: 319]
/.htm_2006121415265780008120-002.swp (Status: 403) [Size: 319]
/.htm_2007011517072780008110-001.swp (Status: 403) [Size: 319]
/.htm_2007011715064580008130-001.swp (Status: 403) [Size: 319]
/.httpwwwandrec-20.swp (Status: 403) [Size: 305]
/.htc_phones.swp      (Status: 403) [Size: 299]
/.htc-artemis.swp     (Status: 403) [Size: 300]
/.ht52_logo.swp       (Status: 403) [Size: 298]
/.httpgizmodocomgadgetsportablem.swp (Status: 403) [Size: 319]
/.httpwwwgizmodocomgadgetsgadget.swp (Status: 403) [Size: 319]
/.httpwwwgizmodocomgadgetsperiph.swp (Status: 403) [Size: 319]
/.html_quiz.swp       (Status: 403) [Size: 298]
/.html_examples.swp   (Status: 403) [Size: 302]
/.html00.swp          (Status: 403) [Size: 295]
/.htmldom.swp         (Status: 403) [Size: 296]
/.htms.swp            (Status: 403) [Size: 293]
/.htinf.swp           (Status: 403) [Size: 294]
/.htarm.swp           (Status: 403) [Size: 294]
/.htart.swp           (Status: 403) [Size: 294]
/.htmoral.swp         (Status: 403) [Size: 296]
/.htlead.swp          (Status: 403) [Size: 295]
/.htintel.swp         (Status: 403) [Size: 296]
/.htmurph.swp         (Status: 403) [Size: 296]
/.htwin.swp           (Status: 403) [Size: 294]
/.htcbtsp.swp         (Status: 403) [Size: 296]
/.htpeace.swp         (Status: 403) [Size: 296]
/.htchem.swp          (Status: 403) [Size: 295]
/.htspace.swp         (Status: 403) [Size: 296]
/.htlog.swp           (Status: 403) [Size: 294]
/.hticbm.swp          (Status: 403) [Size: 295]
/.htada.swp           (Status: 403) [Size: 294]
/.htun.swp            (Status: 403) [Size: 293]
/.htsf.swp            (Status: 403) [Size: 293]
/.htairfo.swp         (Status: 403) [Size: 296]
/.htpara.swp          (Status: 403) [Size: 295]
/.htterr.swp          (Status: 403) [Size: 295]
/.htproc.swp          (Status: 403) [Size: 295]
/.htnavai.swp         (Status: 403) [Size: 296]
/.htamph.swp          (Status: 403) [Size: 295]
/.htseamo.swp         (Status: 403) [Size: 296]
/.htatrit.swp         (Status: 403) [Size: 296]
/.htairmo.swp         (Status: 403) [Size: 296]
/.htsurf.swp          (Status: 403) [Size: 295]
/.htworld.swp         (Status: 403) [Size: 296]
/.htsub.swp           (Status: 403) [Size: 294]
/.htweap.swp          (Status: 403) [Size: 295]
/.html-basics.swp     (Status: 403) [Size: 300]
/.http_download.swp   (Status: 403) [Size: 302]
/.html_edit.swp       (Status: 403) [Size: 298]
/.httpkazumi-lovers.swp (Status: 403) [Size: 306]
/.http11.swp          (Status: 403) [Size: 295]
/.htpl-3.swp          (Status: 403) [Size: 295]
/.ht_fashionow.swp    (Status: 403) [Size: 301]
/.hthoax.swp          (Status: 403) [Size: 295]
/.html_basics.swp     (Status: 403) [Size: 300]
/.htmlhelp2.swp       (Status: 403) [Size: 298]
/.html_emails.swp     (Status: 403) [Size: 300]
/.htool.swp           (Status: 403) [Size: 294]
/.html2pop3.swp       (Status: 403) [Size: 298]
/.httpwwwnytimesc.swp (Status: 403) [Size: 304]
/.hto%20presentatie.swp (Status: 403) [Size: 304]
/.htmltidy.swp        (Status: 403) [Size: 297]
/.html40-updates.swp  (Status: 403) [Size: 303]
/.htafamily2.swp      (Status: 403) [Size: 299]
/.htptile.swp         (Status: 403) [Size: 296]
/.htalogo.swp         (Status: 403) [Size: 296]
/.htjf.swp            (Status: 403) [Size: 293]
/.html_department.swp (Status: 403) [Size: 304]
/.htmlxhtml.swp       (Status: 403) [Size: 298]
/.htb2.swp            (Status: 403) [Size: 293]
/.html_sw.swp         (Status: 403) [Size: 296]
/.htrg.swp            (Status: 403) [Size: 293]
/.htaccess-login.swp  (Status: 403) [Size: 303]
/.html-builder.swp    (Status: 403) [Size: 301]
/.html-interface.swp  (Status: 403) [Size: 303]
/.html2xhtml.swp      (Status: 403) [Size: 299]
/.htmlgoodies_logo.swp (Status: 403) [Size: 305]
/.html4-ref.swp       (Status: 403) [Size: 298]
/.html_401.swp        (Status: 403) [Size: 297]
/.htmlxml.swp         (Status: 403) [Size: 296]
/.ht_main.swp         (Status: 403) [Size: 296]
/.html-3.swp          (Status: 403) [Size: 295]
/.httpi.swp           (Status: 403) [Size: 294]
/.ht_title.swp        (Status: 403) [Size: 297]
/.htmlwg.swp          (Status: 403) [Size: 295]
/.html_b.swp          (Status: 403) [Size: 295]
/.html-guides.swp     (Status: 403) [Size: 300]
/.htastop.swp         (Status: 403) [Size: 296]
/.html6_xs.swp        (Status: 403) [Size: 297]
/.ht1_x.swp           (Status: 403) [Size: 294]
/.htmltime.swp        (Status: 403) [Size: 297]
/.html-tidy.swp       (Status: 403) [Size: 298]
/.http-errata.swp     (Status: 403) [Size: 300]
/.html_48x48.swp      (Status: 403) [Size: 299]
/.htw1.swp            (Status: 403) [Size: 293]
/.htw2.swp            (Status: 403) [Size: 293]
/.htw3.swp            (Status: 403) [Size: 293]
/.htmlsite.swp        (Status: 403) [Size: 297]
/.html-entities.swp   (Status: 403) [Size: 302]
/.html-encrypt.swp    (Status: 403) [Size: 301]
/.htmltut.swp         (Status: 403) [Size: 296]
/.html3.swp           (Status: 403) [Size: 294]
/.html-rns_list.swp   (Status: 403) [Size: 302]
/.htmldev.swp         (Status: 403) [Size: 296]
/.htmlval.swp         (Status: 403) [Size: 296]
/.htd_tabs.swp        (Status: 403) [Size: 297]
/.htFinancial2003.swp (Status: 403) [Size: 304]
/.htmsrch.swp         (Status: 403) [Size: 296]
/.htmsrch4.swp        (Status: 403) [Size: 297]
/.html-updowngrades.swp (Status: 403) [Size: 306]
/.html-economicCalendar.swp (Status: 403) [Size: 310]
/.html-winnerloser.swp (Status: 403) [Size: 305]
/.html-marketindices.swp (Status: 403) [Size: 307]
/.html-mostactive.swp (Status: 403) [Size: 304]
/.htmlinks.swp        (Status: 403) [Size: 297]
/.hts_bottomheader.swp (Status: 403) [Size: 305]
/.htslogo.swp         (Status: 403) [Size: 296]
/.hts_topheader.swp   (Status: 403) [Size: 302]
/.html97.swp          (Status: 403) [Size: 295]
/.htownwv.swp         (Status: 403) [Size: 296]
/.htmls_2004.swp      (Status: 403) [Size: 299]
/.html%5Ffiles.swp    (Status: 403) [Size: 299]
/.html2jpg-r0.swp     (Status: 403) [Size: 300]
/.htmlnavigator.swp   (Status: 403) [Size: 302]
/.html-r0.swp         (Status: 403) [Size: 296]
/.html-menu.swp       (Status: 403) [Size: 298]
/.http-r0.swp         (Status: 403) [Size: 296]
/.htpc-r0.swp         (Status: 403) [Size: 296]
/.html-cleaner.swp    (Status: 403) [Size: 301]
/.htpasswd.swp        (Status: 403) [Size: 297]
/.htbutton88x31.swp   (Status: 403) [Size: 302]
/.htmlpass.swp        (Status: 403) [Size: 297]
/.html-tablefactory.swp (Status: 403) [Size: 306]
/.html_tools.swp      (Status: 403) [Size: 299]
/.htmlhistory.swp     (Status: 403) [Size: 300]
/.httpserver.swp      (Status: 403) [Size: 299]
/.html401manual.swp   (Status: 403) [Size: 302]
/.htmlc.swp           (Status: 403) [Size: 294]
/.htmlcenter.swp      (Status: 403) [Size: 299]
/.html-encoder.swp    (Status: 403) [Size: 301]
/.html_2.swp          (Status: 403) [Size: 295]
/.ht_passwords.swp    (Status: 403) [Size: 301]
/.htmdocs.swp         (Status: 403) [Size: 296]
/.htc-p3300.swp       (Status: 403) [Size: 298]
/.html-top5.swp       (Status: 403) [Size: 298]
/.htmlcommon.swp      (Status: 403) [Size: 299]
/.htm_16391.swp       (Status: 403) [Size: 298]
/.html-screener.swp   (Status: 403) [Size: 302]
/.hts6510.swp         (Status: 403) [Size: 296]
/.ht-xq100r.swp       (Status: 403) [Size: 298]
/.htownpaablo.swp     (Status: 403) [Size: 300]
/.html-tags.swp       (Status: 403) [Size: 298]
/.html-tutorials.swp  (Status: 403) [Size: 303]
/.htconselho.swp      (Status: 403) [Size: 299]
/logitech-quickcam_W0QQcatrefZC5QQfbdZ1QQfclZ3QQfposZ95112QQfromZR14QQfrppZ50QQfsclZ1QQfsooZ1QQfsopZ1QQfssZ0QQfstypeZ1QQftrtZ1QQftrvZ1QQftsZ2QQnojsprZyQQpfidZ0QQsaatcZ1QQsacatZQ2d1QQsacqyopZgeQQsacurZ0QQsadisZ200QQsaslopZ1QQsofocusZbsQQsorefinesearchZ1.bak2 (Status: 403) [Size: 540]
/.logitech-quickcam_W0QQcatrefZC5QQfbdZ1QQfclZ3QQfposZ95112QQfromZR14QQfrppZ50QQfsclZ1QQfsooZ1QQfsopZ1QQfssZ0QQfstypeZ1QQftrtZ1QQftrvZ1QQftsZ2QQnojsprZyQQpfidZ0QQsaatcZ1QQsacatZQ2d1QQsacqyopZgeQQsacurZ0QQsadisZ200QQsaslopZ1QQsofocusZbsQQsorefinesearchZ1.swp (Status: 403) [Size: 540]
/.htl_32x24.swp       (Status: 403) [Size: 298]
/.html-v2.swp         (Status: 403) [Size: 296]
/.htmc2.swp           (Status: 403) [Size: 294]
/.httpvirus.swp       (Status: 403) [Size: 298]
/.htreviewpointer0918.swp (Status: 403) [Size: 308]
/.htmltuts.swp        (Status: 403) [Size: 297]
/.htDocs.swp          (Status: 403) [Size: 295]
/.htpug.swp           (Status: 403) [Size: 294]
/.htmldb.swp          (Status: 403) [Size: 295]
/.html_cgi.swp        (Status: 403) [Size: 297]
/.httptopdownloadsru.swp (Status: 403) [Size: 307]
/.htmlcrypt-265.swp   (Status: 403) [Size: 302]
/.httpartsoftru.swp   (Status: 403) [Size: 302]
/.html_tutorial.swp   (Status: 403) [Size: 302]
/.htmlbox.swp         (Status: 403) [Size: 296]
/.ht_image.swp        (Status: 403) [Size: 297]
/.ht_liar.swp         (Status: 403) [Size: 296]
/.httprequest_test.swp (Status: 403) [Size: 305]
/.htmlprotector.swp   (Status: 403) [Size: 302]
/.htmlinjection.swp   (Status: 403) [Size: 302]
/.http%3a.swp         (Status: 403) [Size: 294]
/.htltraining.swp     (Status: 403) [Size: 300]
/.htmlMimeMail5.swp   (Status: 403) [Size: 302]
/.htn_g.swp           (Status: 403) [Size: 294]
/.htmlcalendar.swp    (Status: 403) [Size: 301]
/.htmanual_260.swp    (Status: 403) [Size: 301]
/.htmlfile.swp        (Status: 403) [Size: 297]
/.httpwwwapplegazettecomwp-adminpostphpactioneditpost272.swp (Status: 403) [Size: 343]
/.http_tunnel.swp     (Status: 403) [Size: 300]
/.htrah_index.swp     (Status: 403) [Size: 300]
/.htmlall.swp         (Status: 403) [Size: 296]
/.htmlpp.swp          (Status: 403) [Size: 295]
/.htnext.swp          (Status: 403) [Size: 295]
/.html-chunk.swp      (Status: 403) [Size: 299]
/.html-fundfinder.swp (Status: 403) [Size: 304]
/.httrack.swp         (Status: 403) [Size: 296]
/.htmlcodeconvert.swp (Status: 403) [Size: 304]
/.html_strip.swp      (Status: 403) [Size: 299]
/.htop.swp            (Status: 403) [Size: 293]
/.htmlripper.swp      (Status: 403) [Size: 299]
/.htmltutor.swp       (Status: 403) [Size: 298]
/.html96_7.swp        (Status: 403) [Size: 297]
/.htbg.swp            (Status: 403) [Size: 293]
/.htjbsnyp0020000033bhd.swp (Status: 403) [Size: 310]
/.htmlformsgenerationandvalidation.swp (Status: 403) [Size: 321]
/.htmlsyndication.swp (Status: 403) [Size: 304]
/.htbg2.swp           (Status: 403) [Size: 294]
/.htminer.swp         (Status: 403) [Size: 296]
/.http_ping.swp       (Status: 403) [Size: 298]
/.httpagent.swp       (Status: 403) [Size: 298]
/.ht-20051015.swp     (Status: 403) [Size: 300]
/.ht-20051023.swp     (Status: 403) [Size: 300]
/.ht-20051017.swp     (Status: 403) [Size: 300]
/.ht-20050720.swp     (Status: 403) [Size: 300]
/.htpics.swp          (Status: 403) [Size: 295]
/.html2hdml.swp       (Status: 403) [Size: 298]
/.html-hell.swp       (Status: 403) [Size: 298]
/.htmlDifferences_Small.swp (Status: 403) [Size: 310]
/.htmlDifferences.swp (Status: 403) [Size: 304]
/.httpbd.swp          (Status: 403) [Size: 295]
/.html2ps-0.swp       (Status: 403) [Size: 298]
/.htobg_index.swp     (Status: 403) [Size: 300]
/.http3A2F2Fwww.swp   (Status: 403) [Size: 302]
/.html-symbollookup.swp (Status: 403) [Size: 306]
/.htdocs_e.swp        (Status: 403) [Size: 297]
/.ht_endpoints.swp    (Status: 403) [Size: 301]
/.html-fundFinder.swp (Status: 403) [Size: 304]
/.html-worldindices.swp (Status: 403) [Size: 306]
/.html-commodities.swp (Status: 403) [Size: 305]
/.html-quote.swp      (Status: 403) [Size: 299]
/.html-mktscreener.swp (Status: 403) [Size: 305]
/.html-markets.swp    (Status: 403) [Size: 301]
/.httpitalian.swp     (Status: 403) [Size: 300]
/.htmlbios.swp        (Status: 403) [Size: 297]
/.ht_badwords.swp     (Status: 403) [Size: 300]
/.htiw.swp            (Status: 403) [Size: 293]
/.htmlpad-2006.swp    (Status: 403) [Size: 301]
/.htr.swp             (Status: 403) [Size: 292]
/.hts_servers.swp     (Status: 403) [Size: 300]
/.htvu.swp            (Status: 403) [Size: 293]
/.htvu0002.swp        (Status: 403) [Size: 297]
/.htvu0003.swp        (Status: 403) [Size: 297]
/.htvu0001.swp        (Status: 403) [Size: 297]
/.htv.swp             (Status: 403) [Size: 292]
/.htvu0000.swp        (Status: 403) [Size: 297]
/.htvpwned.swp        (Status: 403) [Size: 297]
/.htcvox.swp          (Status: 403) [Size: 295]
/.html_getter.swp     (Status: 403) [Size: 300]
/.htbclogogs.swp      (Status: 403) [Size: 299]
/.httpsecurity.swp    (Status: 403) [Size: 301]
/.htworkstat.swp      (Status: 403) [Size: 299]
/.httponly_cookies.swp (Status: 403) [Size: 305]
/.htracert.swp        (Status: 403) [Size: 297]
/.httpAttacksJan04.swp (Status: 403) [Size: 305]
/.httpitamorg-20.swp  (Status: 403) [Size: 303]
/.htcyt.swp           (Status: 403) [Size: 294]
/.html-info.swp       (Status: 403) [Size: 298]
/.htmlgear.swp        (Status: 403) [Size: 297]
/.htmlcourse.swp      (Status: 403) [Size: 299]
/.htmlforms.swp       (Status: 403) [Size: 298]
/.htmlclass.swp       (Status: 403) [Size: 298]
/.httpwwwmicrosof.swp (Status: 403) [Size: 304]
/.html_76.swp         (Status: 403) [Size: 296]
/.htmlf.swp           (Status: 403) [Size: 294]
/.https_windows.swp   (Status: 403) [Size: 302]
/.https_client.swp    (Status: 403) [Size: 301]
/.htasploit.swp       (Status: 403) [Size: 298]
/.hto.swp             (Status: 403) [Size: 292]
/.html-ftheadlines.swp (Status: 403) [Size: 305]
/.html-ftalerts.swp   (Status: 403) [Size: 302]
/.html-view.swp       (Status: 403) [Size: 298]
/.html-ftpulse.swp    (Status: 403) [Size: 301]
/.html-interactivecharting.swp (Status: 403) [Size: 313]
/.html-create.swp     (Status: 403) [Size: 300]
/.html-quotechartnews.swp (Status: 403) [Size: 308]
/.html-1.swp          (Status: 403) [Size: 295]
/.hti_journals.swp    (Status: 403) [Size: 301]
/.htlogtutorial.swp   (Status: 403) [Size: 302]
/.htdaab.swp          (Status: 403) [Size: 295]
/.httpclient.swp      (Status: 403) [Size: 299]
/.httpview.swp        (Status: 403) [Size: 297]
/.ht-otld.swp         (Status: 403) [Size: 296]
/.ht-fbk.swp          (Status: 403) [Size: 295]
/.html2text-2.swp     (Status: 403) [Size: 300]
/.html2text-1.swp     (Status: 403) [Size: 300]
/.html-test.swp       (Status: 403) [Size: 298]
/.htspot.swp          (Status: 403) [Size: 295]
/.htcats.swp          (Status: 403) [Size: 295]
/.httalkback.swp      (Status: 403) [Size: 299]
/.hthead.swp          (Status: 403) [Size: 295]
/.ht061102.swp        (Status: 403) [Size: 297]
/.ht061130.swp        (Status: 403) [Size: 297]
/.ht061116.swp        (Status: 403) [Size: 297]
/.ht061019.swp        (Status: 403) [Size: 297]
/.ht061214.swp        (Status: 403) [Size: 297]
/.ht061109.swp        (Status: 403) [Size: 297]
/.htww_lc.swp         (Status: 403) [Size: 296]
/.htpblogger.swp      (Status: 403) [Size: 299]
/.htccephac.swp       (Status: 403) [Size: 298]
/.htmf.swp            (Status: 403) [Size: 293]
/.html-KOI.swp        (Status: 403) [Size: 297]
/.httpidozoneservcomlinksphpuser3096.swp (Status: 403) [Size: 323]
/.http%253A%252F%252Fwww.swp (Status: 403) [Size: 305]
/.htmloff.swp         (Status: 403) [Size: 296]
/.hta.swp             (Status: 403) [Size: 292]
/.htaoverview.swp     (Status: 403) [Size: 300]
/.ht-20061205.swp     (Status: 403) [Size: 300]
/.ht-20061212.swp     (Status: 403) [Size: 300]
/.ht-20061213.swp     (Status: 403) [Size: 300]
/.ht-200612.swp       (Status: 403) [Size: 298]
/.ht-20061214.swp     (Status: 403) [Size: 300]
/.ht-20061204.swp     (Status: 403) [Size: 300]
/.ht-20061203.swp     (Status: 403) [Size: 300]
/.htAlbum.swp         (Status: 403) [Size: 296]
/.htmlcol.swp         (Status: 403) [Size: 296]
/.html2flash download.swp (Status: 403) [Size: 308]
/.html-guide.swp      (Status: 403) [Size: 299]
/.htdocs_f.swp        (Status: 403) [Size: 297]
/.html2jpg.swp        (Status: 403) [Size: 297]
/.ht_root.swp         (Status: 403) [Size: 296]
/.htd_0300.swp        (Status: 403) [Size: 297]
/.htroot920-ia64.swp  (Status: 403) [Size: 303]
/.htroot920-axp.swp   (Status: 403) [Size: 302]
/.htroot920.swp       (Status: 403) [Size: 298]
/.htroot920-vax.swp   (Status: 403) [Size: 302]
/.htd_1800.swp        (Status: 403) [Size: 297]
/.http%3B.swp         (Status: 403) [Size: 294]
/.httpb.swp           (Status: 403) [Size: 294]
/.htmlab.swp          (Status: 403) [Size: 295]
/.http-ssl.swp        (Status: 403) [Size: 297]
/.htmlmetatags01.swp  (Status: 403) [Size: 303]
/.htmlbasics01.swp    (Status: 403) [Size: 301]
/.htmlconvert.swp     (Status: 403) [Size: 300]
/.htmlguardian.swp    (Status: 403) [Size: 301]
/.htmlpower.swp       (Status: 403) [Size: 298]
/.htmlspeed.swp       (Status: 403) [Size: 298]
/.htnegativespamfilter.swp (Status: 403) [Size: 309]
/.htmlvalidation.swp  (Status: 403) [Size: 303]
/.htmlwdiff.swp       (Status: 403) [Size: 298]
/.httpdb.swp          (Status: 403) [Size: 295]
/.htmlfilelist.swp    (Status: 403) [Size: 301]
/.htmlstuf.swp        (Status: 403) [Size: 297]
/.html-code.swp       (Status: 403) [Size: 298]
/.ht3.swp             (Status: 403) [Size: 292]
/.htmain.swp          (Status: 403) [Size: 295]
/.htdig-3.swp         (Status: 403) [Size: 296]
/.html2ps-1.swp       (Status: 403) [Size: 298]
/.html-manual.swp     (Status: 403) [Size: 300]
/.html4-updates.swp   (Status: 403) [Size: 302]
/.htmlspecialchars.swp (Status: 403) [Size: 305]
/.hticket04.swp       (Status: 403) [Size: 298]
/.html_parse.swp      (Status: 403) [Size: 299]
/.htscanner-061.swp   (Status: 403) [Size: 302]
/.htget.swp           (Status: 403) [Size: 294]
/.htget_0.swp         (Status: 403) [Size: 296]
/.htmlguid.swp        (Status: 403) [Size: 297]
/.httphardwarezclansu.swp (Status: 403) [Size: 308]
/.httpd-syslog.swp    (Status: 403) [Size: 301]
/.httpdebug-2.swp     (Status: 403) [Size: 300]
/.httpproxy-1.swp     (Status: 403) [Size: 300]
/.htsplit-1.swp       (Status: 403) [Size: 298]
/.httpdebug-1.swp     (Status: 403) [Size: 300]
/.htcgi.swp           (Status: 403) [Size: 294]
/.html_docs.swp       (Status: 403) [Size: 298]
/.html20.swp          (Status: 403) [Size: 295]
/.htmldoc-development.swp (Status: 403) [Size: 308]
/.htmlJ.swp           (Status: 403) [Size: 294]
/.httptunnel-logo.swp (Status: 403) [Size: 304]
/.htmlinjection2108fasdf.swp (Status: 403) [Size: 311]
/.htmlinjection123128.swp (Status: 403) [Size: 308]
/.htmlContent.swp     (Status: 403) [Size: 300]
/.httpwww1cscolum.swp (Status: 403) [Size: 304]
/.htm_14722.swp       (Status: 403) [Size: 298]
/.httpcastlecopscomp672607.swp (Status: 403) [Size: 313]
/.htmlinjection2108fasdf_small.swp (Status: 403) [Size: 317]
/.httf.swp            (Status: 403) [Size: 293]
/.htext.swp           (Status: 403) [Size: 294]
/.htease_privacy.swp  (Status: 403) [Size: 303]
/.htease_gitmo2.swp   (Status: 403) [Size: 302]
/.htmlberserkintosh.swp (Status: 403) [Size: 306]
/.httprat.swp         (Status: 403) [Size: 296]
/.httpver1.swp        (Status: 403) [Size: 297]
/.httspecial.swp      (Status: 403) [Size: 299]
/.htweaking.swp       (Status: 403) [Size: 298]
/.http%3AqSqqSqwww-internal.swp (Status: 403) [Size: 312]
/.http%3AqSqqSqimmunix.swp (Status: 403) [Size: 307]
/.http%3AqSqqSqwww.swp (Status: 403) [Size: 303]
/.http%3AqSqqSqciteseer.swp (Status: 403) [Size: 308]
/.htsubscribe.swp     (Status: 403) [Size: 300]
/.htmlD.swp           (Status: 403) [Size: 294]
/.html_grass5.swp     (Status: 403) [Size: 300]
/.html-qcn.swp        (Status: 403) [Size: 297]
/.htterprize.swp      (Status: 403) [Size: 299]
/.htmlversion.swp     (Status: 403) [Size: 300]
/.hthbar.swp          (Status: 403) [Size: 295]
/.hth.swp             (Status: 403) [Size: 292]
/.hthdetail.swp       (Status: 403) [Size: 298]
/.html_bkup.swp       (Status: 403) [Size: 298]
/.httpwww37signal.swp (Status: 403) [Size: 304]
/.htmleditors.swp     (Status: 403) [Size: 300]
/.htmltags.swp        (Status: 403) [Size: 297]
/.htmlxhtmltutorials.swp (Status: 403) [Size: 307]
/.ht_investigation.swp (Status: 403) [Size: 305]
/.ht_groom.swp        (Status: 403) [Size: 297]
/.ht_jobs.swp         (Status: 403) [Size: 296]
/.html3month.swp      (Status: 403) [Size: 299]
/.http-app.swp        (Status: 403) [Size: 297]
/.htmltest.swp        (Status: 403) [Size: 297]
/.htsh.swp            (Status: 403) [Size: 293]
/.htmlIntro.swp       (Status: 403) [Size: 298]
/.html_mono.swp       (Status: 403) [Size: 298]
/.htmlman.swp         (Status: 403) [Size: 296]
/.html-singlepage.swp (Status: 403) [Size: 304]
/.ht_analysis.swp     (Status: 403) [Size: 300]
/.httpcompufore-21.swp (Status: 403) [Size: 305]
/.htdb.swp            (Status: 403) [Size: 293]
/.htmlSticker2_cond.swp (Status: 403) [Size: 306]
/.htmlSticker1.swp    (Status: 403) [Size: 301]
/.html_linkB.swp      (Status: 403) [Size: 299]
/.htmlsticker.swp     (Status: 403) [Size: 300]
/.html_linkT.swp      (Status: 403) [Size: 299]
/.httpservers.swp     (Status: 403) [Size: 300]
/.ht_web2.swp         (Status: 403) [Size: 296]
/.ht_ddm1.swp         (Status: 403) [Size: 296]
/.html-ecocalendar.swp (Status: 403) [Size: 305]
/.html-intlmarkets.swp (Status: 403) [Size: 305]
/.html-bonds.swp      (Status: 403) [Size: 299]
/.html-emails.swp     (Status: 403) [Size: 300]
/.htmltools.swp       (Status: 403) [Size: 298]
/.htmltemp.swp        (Status: 403) [Size: 297]
/.htmlausgabe.swp     (Status: 403) [Size: 300]
/.htmldisplay.swp     (Status: 403) [Size: 300]
/.htaccess_tutorial.swp (Status: 403) [Size: 306]
/.html-email.swp      (Status: 403) [Size: 299]
/.ht_accueil1.swp     (Status: 403) [Size: 300]
/.ht_logo.swp         (Status: 403) [Size: 296]
/.ht_titre.swp        (Status: 403) [Size: 297]
/.ht_presse.swp       (Status: 403) [Size: 298]
/.ht_ddm2.swp         (Status: 403) [Size: 296]
/.ht_audiov1.swp      (Status: 403) [Size: 299]
/.ht_web1.swp         (Status: 403) [Size: 296]
/.html-on.swp         (Status: 403) [Size: 296]
/.htmab.swp           (Status: 403) [Size: 294]
/.htmlpage2.swp       (Status: 403) [Size: 298]
/.htmlto5.swp         (Status: 403) [Size: 296]
/.htmcolor.swp        (Status: 403) [Size: 297]
/.html_css.swp        (Status: 403) [Size: 297]
/.htecm.swp           (Status: 403) [Size: 294]
/.httpsexualityab.swp (Status: 403) [Size: 304]
/.htjbsnyp0040000009bhd.swp (Status: 403) [Size: 310]
/.htg.swp             (Status: 403) [Size: 292]
