/.php                 (Status: 403) [Size: 296]
/.html                (Status: 403) [Size: 297]
/.html./usr/share/wordlists/SecLists/Discovery/Web-Content/raft-medium-extensions.txt (Status: 403) [Size: 376]
/.htm                 (Status: 403) [Size: 296]
/.htm./usr/share/wordlists/SecLists/Discovery/Web-Content/raft-medium-extensions.txt (Status: 403) [Size: 375]
/.                    (Status: 200) [Size: 113]
/.htaccess            (Status: 403) [Size: 301]
/.htaccess./usr/share/wordlists/SecLists/Discovery/Web-Content/raft-medium-extensions.txt (Status: 403) [Size: 380]
/.php3                (Status: 403) [Size: 297]
/.phtml               (Status: 403) [Size: 298]
/.htc                 (Status: 403) [Size: 296]
/.htc./usr/share/wordlists/SecLists/Discovery/Web-Content/raft-medium-extensions.txt (Status: 403) [Size: 375]
/.php5                (Status: 403) [Size: 297]
/.html_var_DE         (Status: 403) [Size: 304]
/.html_var_DE./usr/share/wordlists/SecLists/Discovery/Web-Content/raft-medium-extensions.txt (Status: 403) [Size: 383]
/.php4                (Status: 403) [Size: 297]
/.htpasswd            (Status: 403) [Size: 301]
/.htpasswd./usr/share/wordlists/SecLists/Discovery/Web-Content/raft-medium-extensions.txt (Status: 403) [Size: 380]
/.html.               (Status: 403) [Size: 298]
/.html../usr/share/wordlists/SecLists/Discovery/Web-Content/raft-medium-extensions.txt (Status: 403) [Size: 377]
/.html.html           (Status: 403) [Size: 302]
/.html.html./usr/share/wordlists/SecLists/Discovery/Web-Content/raft-medium-extensions.txt (Status: 403) [Size: 381]
/.htpasswds           (Status: 403) [Size: 302]
/.htpasswds./usr/share/wordlists/SecLists/Discovery/Web-Content/raft-medium-extensions.txt (Status: 403) [Size: 381]
/.htm.                (Status: 403) [Size: 297]
/.htm../usr/share/wordlists/SecLists/Discovery/Web-Content/raft-medium-extensions.txt (Status: 403) [Size: 376]
/.phps                (Status: 403) [Size: 297]
/.htmll               (Status: 403) [Size: 298]
/.htmll./usr/share/wordlists/SecLists/Discovery/Web-Content/raft-medium-extensions.txt (Status: 403) [Size: 377]
/.html.old            (Status: 403) [Size: 301]
/.html.old./usr/share/wordlists/SecLists/Discovery/Web-Content/raft-medium-extensions.txt (Status: 403) [Size: 380]
/.html.bak            (Status: 403) [Size: 301]
/.ht                  (Status: 403) [Size: 295]
/.html.bak./usr/share/wordlists/SecLists/Discovery/Web-Content/raft-medium-extensions.txt (Status: 403) [Size: 380]
/.ht./usr/share/wordlists/SecLists/Discovery/Web-Content/raft-medium-extensions.txt (Status: 403) [Size: 374]
/.htm.htm./usr/share/wordlists/SecLists/Discovery/Web-Content/raft-medium-extensions.txt (Status: 403) [Size: 379]
/.htm.htm             (Status: 403) [Size: 300]
/.hta                 (Status: 403) [Size: 296]
/.html1               (Status: 403) [Size: 298]
/.htgroup             (Status: 403) [Size: 300]
/.hta./usr/share/wordlists/SecLists/Discovery/Web-Content/raft-medium-extensions.txt (Status: 403) [Size: 375]
/.html1./usr/share/wordlists/SecLists/Discovery/Web-Content/raft-medium-extensions.txt (Status: 403) [Size: 377]
/.htgroup./usr/share/wordlists/SecLists/Discovery/Web-Content/raft-medium-extensions.txt (Status: 403) [Size: 379]
/.html.LCK            (Status: 403) [Size: 301]
/.html.printable      (Status: 403) [Size: 307]
/.html.printable./usr/share/wordlists/SecLists/Discovery/Web-Content/raft-medium-extensions.txt (Status: 403) [Size: 386]
/.html.LCK./usr/share/wordlists/SecLists/Discovery/Web-Content/raft-medium-extensions.txt (Status: 403) [Size: 380]
/.htm.LCK./usr/share/wordlists/SecLists/Discovery/Web-Content/raft-medium-extensions.txt (Status: 403) [Size: 379]
/.htm.LCK             (Status: 403) [Size: 300]
/.htaccess.bak        (Status: 403) [Size: 305]
/.htx                 (Status: 403) [Size: 296]
/.html.php./usr/share/wordlists/SecLists/Discovery/Web-Content/raft-medium-extensions.txt (Status: 403) [Size: 380]
/.htmls               (Status: 403) [Size: 298]
/.htaccess.bak./usr/share/wordlists/SecLists/Discovery/Web-Content/raft-medium-extensions.txt (Status: 403) [Size: 384]
/.htx./usr/share/wordlists/SecLists/Discovery/Web-Content/raft-medium-extensions.txt (Status: 403) [Size: 375]
/.html.php            (Status: 403) [Size: 301]
/.htmls./usr/share/wordlists/SecLists/Discovery/Web-Content/raft-medium-extensions.txt (Status: 403) [Size: 377]
/.htlm                (Status: 403) [Size: 297]
/.htlm./usr/share/wordlists/SecLists/Discovery/Web-Content/raft-medium-extensions.txt (Status: 403) [Size: 376]
/.htm2                (Status: 403) [Size: 297]
/.htm2./usr/share/wordlists/SecLists/Discovery/Web-Content/raft-medium-extensions.txt (Status: 403) [Size: 376]
/.htuser./usr/share/wordlists/SecLists/Discovery/Web-Content/raft-medium-extensions.txt (Status: 403) [Size: 378]
/.htuser              (Status: 403) [Size: 299]
/.html-               (Status: 403) [Size: 298]
/.html-./usr/share/wordlists/SecLists/Discovery/Web-Content/raft-medium-extensions.txt (Status: 403) [Size: 377]
/.htacess             (Status: 403) [Size: 300]
/.htacess./usr/share/wordlists/SecLists/Discovery/Web-Content/raft-medium-extensions.txt (Status: 403) [Size: 379]
/.htm.d./usr/share/wordlists/SecLists/Discovery/Web-Content/raft-medium-extensions.txt (Status: 403) [Size: 377]
/.htm.old./usr/share/wordlists/SecLists/Discovery/Web-Content/raft-medium-extensions.txt (Status: 403) [Size: 379]
/.htm.html            (Status: 403) [Size: 301]
/.htm.old             (Status: 403) [Size: 300]
/.htm.html./usr/share/wordlists/SecLists/Discovery/Web-Content/raft-medium-extensions.txt (Status: 403) [Size: 380]
/.html.orig./usr/share/wordlists/SecLists/Discovery/Web-Content/raft-medium-extensions.txt (Status: 403) [Size: 381]
/.html.orig           (Status: 403) [Size: 302]
/.html_files          (Status: 403) [Size: 303]
/.html-1./usr/share/wordlists/SecLists/Discovery/Web-Content/raft-medium-extensions.txt (Status: 403) [Size: 378]
/.html_files./usr/share/wordlists/SecLists/Discovery/Web-Content/raft-medium-extensions.txt (Status: 403) [Size: 382]
/.html_./usr/share/wordlists/SecLists/Discovery/Web-Content/raft-medium-extensions.txt (Status: 403) [Size: 377]
/.hts                 (Status: 403) [Size: 296]
/.htm.d               (Status: 403) [Size: 298]
/.htmlprint           (Status: 403) [Size: 302]
/.html-1              (Status: 403) [Size: 299]
/.html_               (Status: 403) [Size: 298]
/.htmlprint./usr/share/wordlists/SecLists/Discovery/Web-Content/raft-medium-extensions.txt (Status: 403) [Size: 381]
/.html.sav            (Status: 403) [Size: 301]
/.htmlpar             (Status: 403) [Size: 300]
/.hts./usr/share/wordlists/SecLists/Discovery/Web-Content/raft-medium-extensions.txt (Status: 403) [Size: 375]
/.html.sav./usr/share/wordlists/SecLists/Discovery/Web-Content/raft-medium-extensions.txt (Status: 403) [Size: 380]
/.htmlpar./usr/share/wordlists/SecLists/Discovery/Web-Content/raft-medium-extensions.txt (Status: 403) [Size: 379]
/.htm5./usr/share/wordlists/SecLists/Discovery/Web-Content/raft-medium-extensions.txt (Status: 403) [Size: 376]
/.htm5                (Status: 403) [Size: 297]
/.htaccess.old        (Status: 403) [Size: 305]
/.htm7                (Status: 403) [Size: 297]
/.htm7./usr/share/wordlists/SecLists/Discovery/Web-Content/raft-medium-extensions.txt (Status: 403) [Size: 376]
/.htm8                (Status: 403) [Size: 297]
/.htaccess.old./usr/share/wordlists/SecLists/Discovery/Web-Content/raft-medium-extensions.txt (Status: 403) [Size: 384]
/.htm8./usr/share/wordlists/SecLists/Discovery/Web-Content/raft-medium-extensions.txt (Status: 403) [Size: 376]
/.html--              (Status: 403) [Size: 299]
/.html--./usr/share/wordlists/SecLists/Discovery/Web-Content/raft-medium-extensions.txt (Status: 403) [Size: 378]
/.htm.bak             (Status: 403) [Size: 300]
/.html-0              (Status: 403) [Size: 299]
/.html-0./usr/share/wordlists/SecLists/Discovery/Web-Content/raft-medium-extensions.txt (Status: 403) [Size: 378]
/.htm.bak./usr/share/wordlists/SecLists/Discovery/Web-Content/raft-medium-extensions.txt (Status: 403) [Size: 379]
/.html-2              (Status: 403) [Size: 299]
/.html-2./usr/share/wordlists/SecLists/Discovery/Web-Content/raft-medium-extensions.txt (Status: 403) [Size: 378]
/.html-p              (Status: 403) [Size: 299]
/.htm3                (Status: 403) [Size: 297]
/.html-p./usr/share/wordlists/SecLists/Discovery/Web-Content/raft-medium-extensions.txt (Status: 403) [Size: 378]
/.htm.rc              (Status: 403) [Size: 299]
/.html.htm            (Status: 403) [Size: 301]
/.html.images         (Status: 403) [Size: 304]
/.htm.rc./usr/share/wordlists/SecLists/Discovery/Web-Content/raft-medium-extensions.txt (Status: 403) [Size: 378]
/.html-old            (Status: 403) [Size: 301]
/.htm3./usr/share/wordlists/SecLists/Discovery/Web-Content/raft-medium-extensions.txt (Status: 403) [Size: 376]
/.html.inc            (Status: 403) [Size: 301]
/.html.htm./usr/share/wordlists/SecLists/Discovery/Web-Content/raft-medium-extensions.txt (Status: 403) [Size: 380]
/.html-c              (Status: 403) [Size: 299]
/.html.images./usr/share/wordlists/SecLists/Discovery/Web-Content/raft-medium-extensions.txt (Status: 403) [Size: 383]
/.html.pdf            (Status: 403) [Size: 301]
/.html.none           (Status: 403) [Size: 302]
/.html.inc./usr/share/wordlists/SecLists/Discovery/Web-Content/raft-medium-extensions.txt (Status: 403) [Size: 380]
/.html4./usr/share/wordlists/SecLists/Discovery/Web-Content/raft-medium-extensions.txt (Status: 403) [Size: 377]
/.html-c./usr/share/wordlists/SecLists/Discovery/Web-Content/raft-medium-extensions.txt (Status: 403) [Size: 378]
/.html.start          (Status: 403) [Size: 303]
/.html.txt./usr/share/wordlists/SecLists/Discovery/Web-Content/raft-medium-extensions.txt (Status: 403) [Size: 380]
/.html.pdf./usr/share/wordlists/SecLists/Discovery/Web-Content/raft-medium-extensions.txt (Status: 403) [Size: 380]
/.html5               (Status: 403) [Size: 298]
/.html4               (Status: 403) [Size: 298]
/.html7               (Status: 403) [Size: 298]
/.html.start./usr/share/wordlists/SecLists/Discovery/Web-Content/raft-medium-extensions.txt (Status: 403) [Size: 382]
/.html.none./usr/share/wordlists/SecLists/Discovery/Web-Content/raft-medium-extensions.txt (Status: 403) [Size: 381]
/.html.txt            (Status: 403) [Size: 301]
/.htm_./usr/share/wordlists/SecLists/Discovery/Web-Content/raft-medium-extensions.txt (Status: 403) [Size: 376]
/.htmlBAK             (Status: 403) [Size: 300]
/.html5./usr/share/wordlists/SecLists/Discovery/Web-Content/raft-medium-extensions.txt (Status: 403) [Size: 377]
/.htmlDolmetschen     (Status: 403) [Size: 308]
/.html7./usr/share/wordlists/SecLists/Discovery/Web-Content/raft-medium-extensions.txt (Status: 403) [Size: 377]
/.html_old            (Status: 403) [Size: 301]
/.htmla               (Status: 403) [Size: 298]
/.htmlc               (Status: 403) [Size: 298]
/.htm_                (Status: 403) [Size: 297]
/.htmlBAK./usr/share/wordlists/SecLists/Discovery/Web-Content/raft-medium-extensions.txt (Status: 403) [Size: 379]
/.htmlfeed            (Status: 403) [Size: 301]
/.htmlfeed./usr/share/wordlists/SecLists/Discovery/Web-Content/raft-medium-extensions.txt (Status: 403) [Size: 380]
/.htmlq               (Status: 403) [Size: 298]
/.htmla./usr/share/wordlists/SecLists/Discovery/Web-Content/raft-medium-extensions.txt (Status: 403) [Size: 377]
/.htmlu               (Status: 403) [Size: 298]
/.htmlDolmetschen./usr/share/wordlists/SecLists/Discovery/Web-Content/raft-medium-extensions.txt (Status: 403) [Size: 387]
/.html-old./usr/share/wordlists/SecLists/Discovery/Web-Content/raft-medium-extensions.txt (Status: 403) [Size: 380]
/.html_old./usr/share/wordlists/SecLists/Discovery/Web-Content/raft-medium-extensions.txt (Status: 403) [Size: 380]
/.htn                 (Status: 403) [Size: 296]
/.htmlc./usr/share/wordlists/SecLists/Discovery/Web-Content/raft-medium-extensions.txt (Status: 403) [Size: 377]
/.htmlu./usr/share/wordlists/SecLists/Discovery/Web-Content/raft-medium-extensions.txt (Status: 403) [Size: 377]
/.htmlq./usr/share/wordlists/SecLists/Discovery/Web-Content/raft-medium-extensions.txt (Status: 403) [Size: 377]
/.htn./usr/share/wordlists/SecLists/Discovery/Web-Content/raft-medium-extensions.txt (Status: 403) [Size: 375]
/.pht                 (Status: 403) [Size: 296]
