# Nmap 7.92 scan initiated Mon Apr  4 16:53:30 2022 as: nmap -sC -sV -p- -o nmap.out 10.0.2.12
Nmap scan report for 10.0.2.12
Host is up (0.00029s latency).
Not shown: 65531 closed tcp ports (conn-refused)
PORT      STATE SERVICE VERSION
80/tcp    open  http    Apache httpd 2.4.10 ((Debian))
|_http-title: Null Byte 00 - level 1
|_http-server-header: Apache/2.4.10 (Debian)
111/tcp   open  rpcbind 2-4 (RPC #100000)
| rpcinfo: 
|   program version    port/proto  service
|   100000  2,3,4        111/tcp   rpcbind
|   100000  2,3,4        111/udp   rpcbind
|   100000  3,4          111/tcp6  rpcbind
|   100000  3,4          111/udp6  rpcbind
|   100024  1          41818/tcp   status
|   100024  1          42259/udp   status
|   100024  1          47231/tcp6  status
|_  100024  1          55327/udp6  status
777/tcp   open  ssh     OpenSSH 6.7p1 Debian 5 (protocol 2.0)
| ssh-hostkey: 
|   1024 16:30:13:d9:d5:55:36:e8:1b:b7:d9:ba:55:2f:d7:44 (DSA)
|   2048 29:aa:7d:2e:60:8b:a6:a1:c2:bd:7c:c8:bd:3c:f4:f2 (RSA)
|   256 60:06:e3:64:8f:8a:6f:a7:74:5a:8b:3f:e1:24:93:96 (ECDSA)
|_  256 bc:f7:44:8d:79:6a:19:48:76:a3:e2:44:92:dc:13:a2 (ED25519)
41818/tcp open  status  1 (RPC #100024)
Service Info: OS: Linux; CPE: cpe:/o:linux:linux_kernel

Service detection performed. Please report any incorrect results at https://nmap.org/submit/ .
# Nmap done at Mon Apr  4 16:53:45 2022 -- 1 IP address (1 host up) scanned in 14.69 seconds
