robert@oopsie:/$ find / -perm -4000 2>/dev/null
/snap/core/11420/bin/mount
/snap/core/11420/bin/ping
/snap/core/11420/bin/ping6
/snap/core/11420/bin/su
/snap/core/11420/bin/umount
/snap/core/11420/usr/bin/chfn
/snap/core/11420/usr/bin/chsh
/snap/core/11420/usr/bin/gpasswd
/snap/core/11420/usr/bin/newgrp
/snap/core/11420/usr/bin/passwd
/snap/core/11420/usr/bin/sudo
/snap/core/11420/usr/lib/dbus-1.0/dbus-daemon-launch-helper
/snap/core/11420/usr/lib/openssh/ssh-keysign
/snap/core/11420/usr/lib/snapd/snap-confine
/snap/core/11420/usr/sbin/pppd
/snap/core/11743/bin/mount
/snap/core/11743/bin/ping
/snap/core/11743/bin/ping6
/snap/core/11743/bin/su
/snap/core/11743/bin/umount
/snap/core/11743/usr/bin/chfn
/snap/core/11743/usr/bin/chsh
/snap/core/11743/usr/bin/gpasswd
/snap/core/11743/usr/bin/newgrp
/snap/core/11743/usr/bin/passwd
/snap/core/11743/usr/bin/sudo
/snap/core/11743/usr/lib/dbus-1.0/dbus-daemon-launch-helper
/snap/core/11743/usr/lib/openssh/ssh-keysign
/snap/core/11743/usr/lib/snapd/snap-confine
/snap/core/11743/usr/sbin/pppd
/bin/fusermount
/bin/umount
/bin/mount
/bin/ping
/bin/su
/usr/lib/dbus-1.0/dbus-daemon-launch-helper
/usr/lib/snapd/snap-confine
/usr/lib/openssh/ssh-keysign
/usr/lib/eject/dmcrypt-get-device
/usr/lib/policykit-1/polkit-agent-helper-1
/usr/lib/x86_64-linux-gnu/lxc/lxc-user-nic
/usr/bin/newuidmap
/usr/bin/passwd
/usr/bin/at
/usr/bin/bugtracker
/usr/bin/newgrp
/usr/bin/pkexec
/usr/bin/chfn
/usr/bin/chsh
/usr/bin/traceroute6.iputils
/usr/bin/newgidmap
/usr/bin/gpasswd
/usr/bin/sudo
