wfuzz -u http://10.129.28.172/ -H "Host: FUZZ" -w /usr/share/wordlists/SecLists/Discovery/DNS/subdomains-top1million-20000.txt --hw 1222
 /usr/lib/python3/dist-packages/wfuzz/__init__.py:34: UserWarning:Pycurl is not compiled against Openssl. Wfuzz might not work correctly when fuzzing SSL sites. Check Wfuzz's documentation for more information.
********************************************************
* Wfuzz 3.1.0 - The Web Fuzzer                         *
********************************************************

Target: http://10.129.28.172/
Total requests: 19966

=====================================================================
ID           Response   Lines    Word       Chars       Payload                                                                                     
=====================================================================

000000654:   400        12 L     53 W       422 Ch      "1"                                                                                         
000000676:   400        12 L     53 W       422 Ch      "11192521404255"                                                                            
000000689:   400        12 L     53 W       422 Ch      "gc._msdcs"                                                                                 
000000679:   400        12 L     53 W       422 Ch      "11192521403954"                                                                            
000000844:   400        12 L     53 W       422 Ch      "2"                                                                                         
000000867:   400        12 L     53 W       422 Ch      "11285521401250"                                                                            
000000996:   400        12 L     53 W       422 Ch      "2012"                                                                                      
000001095:   400        12 L     53 W       422 Ch      "11290521402560"                                                                            
000001143:   400        12 L     53 W       422 Ch      "123"                                                                                       
000001389:   400        12 L     53 W       422 Ch      "2011"                                                                                      
000001425:   400        12 L     53 W       422 Ch      "3"                                                                                         
000001648:   400        12 L     53 W       422 Ch      "4"                                                                                         
000001744:   400        12 L     53 W       422 Ch      "2013"                                                                                      
000001857:   400        12 L     53 W       422 Ch      "2010"                                                                                      
000002105:   400        12 L     53 W       422 Ch      "911"                                                                                       
000002150:   400        12 L     53 W       422 Ch      "11"                                                                                        
000002492:   400        12 L     53 W       422 Ch      "24"                                                                                        
000002496:   400        12 L     53 W       422 Ch      "10"                                                                                        
000002587:   400        12 L     53 W       422 Ch      "7"                                                                                         
000002634:   400        12 L     53 W       422 Ch      "99"                                                                                        
000002661:   400        12 L     53 W       422 Ch      "2009"                                                                                      
000002706:   400        12 L     53 W       422 Ch      "www.1"                                                                                     
000002943:   400        12 L     53 W       422 Ch      "50"                                                                                        
000003063:   400        12 L     53 W       422 Ch      "12"                                                                                        
000003520:   400        12 L     53 W       422 Ch      "20"                                                                                        
000003533:   400        12 L     53 W       422 Ch      "2008"                                                                                      
000003604:   400        12 L     53 W       422 Ch      "25"                                                                                        
000003644:   400        12 L     53 W       422 Ch      "15"                                                                                        
000003647:   400        12 L     53 W       422 Ch      "5"                                                                                         
000003671:   400        12 L     53 W       422 Ch      "www.2"                                                                                     
000003882:   400        12 L     53 W       422 Ch      "13"                                                                                        
000004144:   400        12 L     53 W       422 Ch      "100"                                                                                       
000004263:   400        12 L     53 W       422 Ch      "44"                                                                                        
000004428:   400        12 L     53 W       422 Ch      "54"                                                                                        
000004519:   400        12 L     53 W       422 Ch      "9"                                                                                         
000004549:   400        12 L     53 W       422 Ch      "70"                                                                                        
000004628:   400        12 L     53 W       422 Ch      "01"                                                                                        
000004663:   400        12 L     53 W       422 Ch      "16"                                                                                        
000004762:   400        12 L     53 W       422 Ch      "39"                                                                                        
000004837:   400        12 L     53 W       422 Ch      "6"                                                                                         
000004909:   400        12 L     53 W       422 Ch      "www.123"                                                                                   
000005009:   400        12 L     53 W       422 Ch      "88"                                                                                        
000005153:   400        12 L     53 W       422 Ch      "21"                                                                                        
000005159:   400        12 L     53 W       422 Ch      "17"                                                                                        
000005231:   400        12 L     53 W       422 Ch      "18"                                                                                        
000005230:   400        12 L     53 W       422 Ch      "14"                                                                                        
000005248:   400        12 L     53 W       422 Ch      "37"                                                                                        
000005257:   400        12 L     53 W       422 Ch      "1234"                                                                                      
000005469:   400        12 L     53 W       422 Ch      "79"                                                                                        
000005556:   400        12 L     53 W       422 Ch      "35"                                                                                        
000005585:   400        12 L     53 W       422 Ch      "49"                                                                                        
000005685:   400        12 L     53 W       422 Ch      "114"                                                                                       
000005937:   400        12 L     53 W       422 Ch      "29"                                                                                        
000006066:   400        12 L     53 W       422 Ch      "0"                                                                                         
000006069:   400        12 L     53 W       422 Ch      "8"                                                                                         
000006091:   400        12 L     53 W       422 Ch      "19"                                                                                        
000006098:   400        12 L     53 W       422 Ch      "1000"                                                                                      
000006133:   400        12 L     53 W       422 Ch      "48"                                                                                        
000006326:   400        12 L     53 W       422 Ch      "34"                                                                                        
000006373:   400        12 L     53 W       422 Ch      "46"                                                                                        
000006387:   400        12 L     53 W       422 Ch      "51"                                                                                        
000006552:   400        12 L     53 W       422 Ch      "27"                                                                                        
000006576:   400        12 L     53 W       422 Ch      "22"                                                                                        
000006570:   400        12 L     53 W       422 Ch      "26"                                                                                        
000006566:   400        12 L     53 W       422 Ch      "60"                                                                                        
000006580:   400        12 L     53 W       422 Ch      "90"                                                                                        
000006600:   400        12 L     53 W       422 Ch      "80"                                                                                        
000006605:   400        12 L     53 W       422 Ch      "23"                                                                                        
000006682:   400        12 L     53 W       422 Ch      "31"                                                                                        
000006733:   400        12 L     53 W       422 Ch      "66"                                                                                        
000006856:   400        12 L     53 W       422 Ch      "67"                                                                                        
000006894:   400        12 L     53 W       422 Ch      "40"                                                                                        
000006904:   400        12 L     53 W       422 Ch      "53"                                                                                        
000006914:   400        12 L     53 W       422 Ch      "52"                                                                                        
000007080:   400        12 L     53 W       422 Ch      "mail.99"                                                                                   
000007274:   400        12 L     53 W       422 Ch      "www.2012"                                                                                  
000007312:   400        12 L     53 W       422 Ch      "112"                                                                                       
000007388:   400        12 L     53 W       422 Ch      "42"                                                                                        
000007412:   400        12 L     53 W       422 Ch      "45"                                                                                        
000007437:   400        12 L     53 W       422 Ch      "47"                                                                                        
000007516:   400        12 L     53 W       422 Ch      "61"                                                                                        
000007549:   400        12 L     53 W       422 Ch      "69"                                                                                        
000007598:   400        12 L     53 W       422 Ch      "77"                                                                                        
000007710:   400        12 L     53 W       422 Ch      "32"                                                                                        
000007738:   400        12 L     53 W       422 Ch      "360"                                                                                       
000007773:   400        12 L     53 W       422 Ch      "57"                                                                                        
000007776:   400        12 L     53 W       422 Ch      "63"                                                                                        
000007801:   400        12 L     53 W       422 Ch      "30"                                                                                        
000007820:   400        12 L     53 W       422 Ch      "76"                                                                                        
000007834:   400        12 L     53 W       422 Ch      "94"                                                                                        
000007824:   400        12 L     53 W       422 Ch      "www.24"                                                                                    
000007839:   400        12 L     53 W       422 Ch      "64"                                                                                        
000007889:   400        12 L     53 W       422 Ch      "111"                                                                                       
000007897:   400        12 L     53 W       422 Ch      "28"                                                                                        
000007906:   400        12 L     53 W       422 Ch      "33"                                                                                        
000007936:   400        12 L     53 W       422 Ch      "41"                                                                                        
000007955:   400        12 L     53 W       422 Ch      "101"                                                                                       
000008022:   400        12 L     53 W       422 Ch      "163"                                                                                       
000008030:   400        12 L     53 W       422 Ch      "203"                                                                                       
000008043:   400        12 L     53 W       422 Ch      "666"                                                                                       
000008096:   400        12 L     53 W       422 Ch      "365"                                                                                       
000008341:   400        12 L     53 W       422 Ch      "www.2011"                                                                                  
000008722:   400        12 L     53 W       422 Ch      "www.11"                                                                                    
000008765:   400        12 L     53 W       422 Ch      "777"                                                                                       
000008883:   400        12 L     53 W       422 Ch      "12345"                                                                                     
000009042:   400        12 L     53 W       422 Ch      "132"                                                                                       
000009230:   400        12 L     53 W       422 Ch      "mail.85st"                                                                                 
000009318:   400        12 L     53 W       422 Ch      "43"                                                                                        
000009334:   400        12 L     53 W       422 Ch      "120"                                                                                       
000009416:   400        12 L     53 W       422 Ch      "65"                                                                                        
000009427:   400        12 L     53 W       422 Ch      "www.4"                                                                                     
000009431:   400        12 L     53 W       422 Ch      "www.3"                                                                                     
000009465:   400        12 L     53 W       422 Ch      "87"                                                                                        
000009473:   400        12 L     53 W       422 Ch      "89"                                                                                        
000009475:   400        12 L     53 W       422 Ch      "91"                                                                                        
000009486:   400        12 L     53 W       422 Ch      "71"                                                                                        
000009496:   400        12 L     53 W       422 Ch      "58"                                                                                        
000009499:   400        12 L     53 W       422 Ch      "56"                                                                                        
000009505:   400        12 L     53 W       422 Ch      "55"                                                                                        
000009506:   400        12 L     53 W       422 Ch      "www.16"                                                                                    
000009532:   400        12 L     53 W       422 Ch      "#www"                                                                                      
000009659:   400        12 L     53 W       422 Ch      "204"                                                                                       
000009862:   400        12 L     53 W       422 Ch      "www.10"                                                                                    
000009864:   400        12 L     53 W       422 Ch      "103"                                                                                       
000009892:   400        12 L     53 W       422 Ch      "www.2013"                                                                                  
000009910:   400        12 L     53 W       422 Ch      "110"                                                                                       
000009998:   400        12 L     53 W       422 Ch      "404"                                                                                       
000010001:   400        12 L     53 W       422 Ch      "www.15"                                                                                    
000010124:   400        12 L     53 W       422 Ch      "125"                                                                                       
000010160:   400        12 L     53 W       422 Ch      "123456"                                                                                    
000010422:   400        12 L     53 W       422 Ch      "86"                                                                                        
000010430:   400        12 L     53 W       422 Ch      "81"                                                                                        
000010452:   400        12 L     53 W       422 Ch      "75"                                                                                        
000010473:   400        12 L     53 W       422 Ch      "68"                                                                                        
000010462:   400        12 L     53 W       422 Ch      "74"                                                                                        
000010486:   400        12 L     53 W       422 Ch      "62"                                                                                        
000010502:   400        12 L     53 W       422 Ch      "www.12"                                                                                    
000010499:   400        12 L     53 W       422 Ch      "96"                                                                                        
000010506:   400        12 L     53 W       422 Ch      "www.13"                                                                                    
000010513:   400        12 L     53 W       422 Ch      "www.20"                                                                                    
000010529:   400        12 L     53 W       422 Ch      "02"                                                                                        
000010526:   400        12 L     53 W       422 Ch      "www.9"                                                                                     
000010558:   400        12 L     53 W       422 Ch      "222"                                                                                       
000010581:   400        12 L     53 W       422 Ch      "#mail"                                                                                     
000010738:   400        12 L     53 W       422 Ch      "8591"                                                                                      
000010743:   400        12 L     53 W       422 Ch      "mail.77p2p"                                                                                
000010742:   400        12 L     53 W       422 Ch      "mail.8591"                                                                                 
000010768:   400        12 L     53 W       422 Ch      "5278"                                                                                      
000010770:   400        12 L     53 W       422 Ch      "mail.5278"                                                                                 
000010784:   400        12 L     53 W       422 Ch      "228"                                                                                       
000010802:   400        12 L     53 W       422 Ch      "mail.85cc"                                                                                 
000010866:   400        12 L     53 W       422 Ch      "www.7"                                                                                     
000010923:   400        12 L     53 W       422 Ch      "109"                                                                                       
000010951:   400        12 L     53 W       422 Ch      "129"                                                                                       
000011075:   400        12 L     53 W       422 Ch      "128"                                                                                       
000011262:   400        12 L     53 W       422 Ch      "105"                                                                                       
000011346:   400        12 L     53 W       422 Ch      "118"                                                                                       
000011650:   400        12 L     53 W       422 Ch      "119"                                                                                       
000011862:   400        12 L     53 W       422 Ch      "212"                                                                                       
000011870:   400        12 L     53 W       422 Ch      "121"                                                                                       
000012028:   400        12 L     53 W       422 Ch      "126"                                                                                       
000012206:   400        12 L     53 W       422 Ch      "000"                                                                                       
000012224:   400        12 L     53 W       422 Ch      "106"                                                                                       
000012242:   400        12 L     53 W       422 Ch      "11091521400593"                                                                            
000012305:   400        12 L     53 W       422 Ch      "230"                                                                                       
000012385:   400        12 L     53 W       422 Ch      "234"                                                                                       
000012434:   400        12 L     53 W       422 Ch      "080"                                                                                       
000012462:   400        12 L     53 W       422 Ch      "233"                                                                                       
000012483:   400        12 L     53 W       422 Ch      "170"                                                                                       
000012844:   400        12 L     53 W       422 Ch      "www.19"                                                                                    
000012860:   400        12 L     53 W       422 Ch      "www.25"                                                                                    
000012863:   400        12 L     53 W       422 Ch      "93"                                                                                        
000012878:   400        12 L     53 W       422 Ch      "www.17"                                                                                    
000012877:   400        12 L     53 W       422 Ch      "www.18"                                                                                    
000012892:   400        12 L     53 W       422 Ch      "97"                                                                                        
000012910:   400        12 L     53 W       422 Ch      "59"                                                                                        
000012921:   400        12 L     53 W       422 Ch      "95"                                                                                        
000012944:   400        12 L     53 W       422 Ch      "36"                                                                                        
000012942:   400        12 L     53 W       422 Ch      "72"                                                                                        
000013140:   400        12 L     53 W       422 Ch      "73"                                                                                        
000013142:   400        12 L     53 W       422 Ch      "92"                                                                                        
000013371:   400        12 L     53 W       422 Ch      "03"                                                                                        
000013664:   400        12 L     53 W       422 Ch      "38"                                                                                        
000014065:   400        12 L     53 W       422 Ch      "205"                                                                                       
000014126:   400        12 L     53 W       422 Ch      "mail.666av"                                                                                
000014130:   400        12 L     53 W       422 Ch      "mail.080"                                                                                  
000014129:   400        12 L     53 W       422 Ch      "1111"                                                                                      
000014205:   400        12 L     53 W       422 Ch      "235"                                                                                       
000014470:   400        12 L     53 W       422 Ch      "www.2010"                                                                                  
000015804:   400        12 L     53 W       422 Ch      "211"                                                                                       
000016457:   400        12 L     53 W       422 Ch      "192"                                                                                       
000017145:   400        12 L     53 W       422 Ch      "2006"                                                                                      
000017262:   400        12 L     53 W       422 Ch      "209"                                                                                       
000018464:   400        12 L     53 W       422 Ch      "117"                                                                                       
000018556:   400        12 L     53 W       422 Ch      "130"                                                                                       
000018911:   400        12 L     53 W       422 Ch      "007"                                                                                       
000019444:   400        12 L     53 W       422 Ch      "137"                                                                                       
000019483:   400        12 L     53 W       422 Ch      "www.6"                                                                                     
000019484:   400        12 L     53 W       422 Ch      "www.5"                                                                                     
000019622:   400        12 L     53 W       422 Ch      "www.14"                                                                                    
000019637:   400        12 L     53 W       422 Ch      "169"                                                                                       
000019639:   400        12 L     53 W       422 Ch      "237"                                                                                       
000019666:   400        12 L     53 W       422 Ch      "131"                                                                                       
000019668:   400        12 L     53 W       422 Ch      "134"                                                                                       
000019675:   400        12 L     53 W       422 Ch      "162"                                                                                       
000019834:   400        12 L     53 W       422 Ch      "_domainkey"                                                                                

Total time: 0
Processed Requests: 19966
Filtered Requests: 19760
Requests/sec.: 0
