[*] Brute forcing SIDs at DC.support.htb
[*] StringBinding ncacn_np:DC.support.htb[\pipe\lsarpc]
[*] Domain SID is: S-1-5-21-1677581083-3380853377-188903654
498: SUPPORT\Enterprise Read-only Domain Controllers (SidTypeGroup)
500: SUPPORT\Administrator (SidTypeUser)
501: SUPPORT\Guest (SidTypeUser)
502: SUPPORT\krbtgt (SidTypeUser)
512: SUPPORT\Domain Admins (SidTypeGroup)
513: SUPPORT\Domain Users (SidTypeGroup)
514: SUPPORT\Domain Guests (SidTypeGroup)
515: SUPPORT\Domain Computers (SidTypeGroup)
516: SUPPORT\Domain Controllers (SidTypeGroup)
517: SUPPORT\Cert Publishers (SidTypeAlias)
518: SUPPORT\Schema Admins (SidTypeGroup)
519: SUPPORT\Enterprise Admins (SidTypeGroup)
520: SUPPORT\Group Policy Creator Owners (SidTypeGroup)
521: SUPPORT\Read-only Domain Controllers (SidTypeGroup)
522: SUPPORT\Cloneable Domain Controllers (SidTypeGroup)
525: SUPPORT\Protected Users (SidTypeGroup)
526: SUPPORT\Key Admins (SidTypeGroup)
527: SUPPORT\Enterprise Key Admins (SidTypeGroup)
553: SUPPORT\RAS and IAS Servers (SidTypeAlias)
571: SUPPORT\Allowed RODC Password Replication Group (SidTypeAlias)
572: SUPPORT\Denied RODC Password Replication Group (SidTypeAlias)
1000: SUPPORT\DC$ (SidTypeUser)
1101: SUPPORT\DnsAdmins (SidTypeAlias)
1102: SUPPORT\DnsUpdateProxy (SidTypeGroup)
1103: SUPPORT\Shared Support Accounts (SidTypeGroup)
1104: SUPPORT\ldap (SidTypeUser)
1105: SUPPORT\support (SidTypeUser)
1106: SUPPORT\smith.rosario (SidTypeUser)
1107: SUPPORT\hernandez.stanley (SidTypeUser)
1108: SUPPORT\wilson.shelby (SidTypeUser)
1109: SUPPORT\anderson.damian (SidTypeUser)
1110: SUPPORT\thomas.raphael (SidTypeUser)
1111: SUPPORT\levine.leopoldo (SidTypeUser)
1112: SUPPORT\raven.clifton (SidTypeUser)
1113: SUPPORT\bardot.mary (SidTypeUser)
1114: SUPPORT\cromwell.gerard (SidTypeUser)
1115: SUPPORT\monroe.david (SidTypeUser)
1116: SUPPORT\west.laura (SidTypeUser)
1117: SUPPORT\langley.lucy (SidTypeUser)
1118: SUPPORT\daughtler.mabel (SidTypeUser)
1119: SUPPORT\stoll.rachelle (SidTypeUser)
1120: SUPPORT\ford.victoria (SidTypeUser)
2601: SUPPORT\MANAGEMENT$ (SidTypeUser)
